[2023-12-06 10:53:45]	compilation failed at : "d:\OneDrive\课程\单片机接口与技术综合实践\code\eide_version\src\main.c", exit code: 1
command: 
  "C:\Users\bjwcw\.eide\tools\sdcc\bin\sdcc.exe" -c --std-c99 -Iinc -Isrc -Isrc/utils -Isrc/screens -mmcs51 --opt-code-speed --iram-size 256 --xram-size 4096 --code-size 8192 -MMD -o .\build\Debug\src\main.rel .\src\main.c
   at unify_builder.Program.compileByMulThread(Int32 thrNum, CmdInfo[] cmds_, List`1 errLogs)
   at unify_builder.Program.Main(String[] args_)
---
.\src\screens\mainScreen.c:6: error 2: Initializer element is not a constant expression
.\src\screens\mainScreen.c:7: error 2: Initializer element is not a constant expression
.\src\main.c:25: error 2: Initializer element is not a constant expression
.\src\main.c:26: error 2: Initializer element is not a constant expression
.\src\main.c:27: error 2: Initializer element is not a constant expression
.\src\main.c:28: error 2: Initializer element is not a constant expression
.\src\main.c:29: error 2: Initializer element is not a constant expression
.\src\main.c:30: error 2: Initializer element is not a constant expression
.\src\main.c:31: error 2: Initializer element is not a constant expression
.\src\main.c:32: error 2: Initializer element is not a constant expression
.\src\main.c:33: error 2: Initializer element is not a constant expression
.\src\screens\settingScreen.c:7: error 2: Initializer element is not a constant expression
.\src\screens\settingScreen.c:8: error 2: Initializer element is not a constant expression
.\src\screens\settingScreen.c:9: error 2: Initializer element is not a constant expression
.\src\screens\settingScreen.c:10: error 2: Initializer element is not a constant expression
.\src\screens\settingScreen.c:11: error 2: Initializer element is not a constant expression
.\src\screens\settingScreen.c:12: error 2: Initializer element is not a constant expression

[2023-12-06 10:55:04]	compilation failed at : "d:\OneDrive\课程\单片机接口与技术综合实践\code\eide_version\src\screens\settingScreen.c", exit code: 1
command: 
  "C:\Users\bjwcw\.eide\tools\sdcc\bin\sdcc.exe" -c --std-c99 -Iinc -Isrc -Isrc/utils -Isrc/screens -mmcs51 --opt-code-speed --iram-size 256 --xram-size 4096 --code-size 8192 -MMD -o .\build\Debug\src\screens\settingScreen.rel .\src\screens\settingScreen.c
   at unify_builder.Program.compileByMulThread(Int32 thrNum, CmdInfo[] cmds_, List`1 errLogs)
   at unify_builder.Program.Main(String[] args_)
---
.\src\screens\mainScreen.c:6: error 2: Initializer element is not a constant expression
.\src\screens\mainScreen.c:7: error 2: Initializer element is not a constant expression
.\src\screens\settingScreen.c:7: error 2: Initializer element is not a constant expression
.\src\screens\settingScreen.c:8: error 2: Initializer element is not a constant expression
.\src\screens\settingScreen.c:9: error 2: Initializer element is not a constant expression
.\src\screens\settingScreen.c:10: error 2: Initializer element is not a constant expression
.\src\screens\settingScreen.c:11: error 2: Initializer element is not a constant expression
.\src\screens\settingScreen.c:12: error 2: Initializer element is not a constant expression

[2023-12-06 10:55:44]	compilation failed at : "d:\OneDrive\课程\单片机接口与技术综合实践\code\eide_version\src\utils\BEEP.c", exit code: 1
command: 
  "C:\Users\bjwcw\.eide\tools\sdcc\bin\sdcc.exe" -c --std-c99 -Iinc -Isrc -Isrc/utils -Isrc/screens -mmcs51 --opt-code-speed --iram-size 256 --xram-size 4096 --code-size 8192 -MMD -o .\build\Debug\src\utils\BEEP.rel .\src\utils\BEEP.c
   at unify_builder.Program.compileByMulThread(Int32 thrNum, CmdInfo[] cmds_, List`1 errLogs)
   at unify_builder.Program.Main(String[] args_)
---
.\src\utils\BEEP.c:4: error 2: Initializer element is not a constant expression

[2023-12-06 10:56:07]	compilation failed at : "d:\OneDrive\课程\单片机接口与技术综合实践\code\eide_version\src\utils\DS18B20.c", exit code: 1
command: 
  "C:\Users\bjwcw\.eide\tools\sdcc\bin\sdcc.exe" -c --std-c99 -Iinc -Isrc -Isrc/utils -Isrc/screens -mmcs51 --opt-code-speed --iram-size 256 --xram-size 4096 --code-size 8192 -MMD -o .\build\Debug\src\utils\DS18B20.rel .\src\utils\DS18B20.c
   at unify_builder.Program.Main(String[] args_)
---
.\src\utils\DS18B20.c:4: error 2: Initializer element is not a constant expression

[2023-12-06 10:56:25]	compilation failed at : "d:\OneDrive\课程\单片机接口与技术综合实践\code\eide_version\src\utils\FAN_PWM.c", exit code: 1
command: 
  "C:\Users\bjwcw\.eide\tools\sdcc\bin\sdcc.exe" -c --std-c99 -Iinc -Isrc -Isrc/utils -Isrc/screens -mmcs51 --opt-code-speed --iram-size 256 --xram-size 4096 --code-size 8192 -MMD -o .\build\Debug\src\utils\FAN_PWM.rel .\src\utils\FAN_PWM.c
   at unify_builder.Program.Main(String[] args_)
---
.\src\utils\FAN_PWM.c:3: error 2: Initializer element is not a constant expression

[2023-12-06 10:56:35]	compilation failed at : "d:\OneDrive\课程\单片机接口与技术综合实践\code\eide_version\src\utils\FUNCTIONS.c", exit code: 1
command: 
  "C:\Users\bjwcw\.eide\tools\sdcc\bin\sdcc.exe" -c --std-c99 -Iinc -Isrc -Isrc/utils -Isrc/screens -mmcs51 --opt-code-speed --iram-size 256 --xram-size 4096 --code-size 8192 -MMD -o .\build\Debug\src\utils\FUNCTIONS.rel .\src\utils\FUNCTIONS.c
   at unify_builder.Program.Main(String[] args_)
---
.\src\utils\FUNCTIONS.c:3: error 2: Initializer element is not a constant expression
.\src\utils\FUNCTIONS.c:4: error 2: Initializer element is not a constant expression
.\src\utils\FUNCTIONS.c:5: error 2: Initializer element is not a constant expression

[2023-12-06 10:56:53]	compilation failed at : "d:\OneDrive\课程\单片机接口与技术综合实践\code\eide_version\src\utils\IIC.c", exit code: 1
command: 
  "C:\Users\bjwcw\.eide\tools\sdcc\bin\sdcc.exe" -c --std-c99 -Iinc -Isrc -Isrc/utils -Isrc/screens -mmcs51 --opt-code-speed --iram-size 256 --xram-size 4096 --code-size 8192 -MMD -o .\build\Debug\src\utils\IIC.rel .\src\utils\IIC.c
   at unify_builder.Program.Main(String[] args_)
---
.\src\utils\IIC.c:5: error 2: Initializer element is not a constant expression
.\src\utils\IIC.c:6: error 2: Initializer element is not a constant expression

[2023-12-06 10:58:02]	compilation failed at : "d:\OneDrive\课程\单片机接口与技术综合实践\code\eide_version\src\utils\IIC.c", exit code: 1
command: 
  "C:\Users\bjwcw\.eide\tools\sdcc\bin\sdcc.exe" -c --std-c99 -Iinc -Isrc -Isrc/utils -Isrc/screens -mmcs51 --opt-code-speed --iram-size 256 --xram-size 4096 --code-size 8192 -MMD -o .\build\Debug\src\utils\IIC.rel .\src\utils\IIC.c
   at unify_builder.Program.Main(String[] args_)
---
.\src\utils\IIC.c:6: error 2: Initializer element is not a constant expression
.\src\utils\IIC.c:7: error 2: Initializer element is not a constant expression

[2023-12-06 10:59:45]	compilation failed at : "d:\OneDrive\课程\单片机接口与技术综合实践\code\eide_version\src\utils\IIC.c", exit code: 1
command: 
  "C:\Users\bjwcw\.eide\tools\sdcc\bin\sdcc.exe" -c --std-c99 -Iinc -Isrc -Isrc/utils -Isrc/screens -mmcs51 --opt-code-speed --iram-size 256 --xram-size 4096 --code-size 8192 -MMD -o .\build\Debug\src\utils\IIC.rel .\src\utils\IIC.c
   at unify_builder.Program.Main(String[] args_)
---
.\src\utils\IIC.c:6: error 2: Initializer element is not a constant expression
.\src\utils\IIC.c:7: error 2: Initializer element is not a constant expression

[2023-12-06 11:00:08]	compilation failed at : "d:\OneDrive\课程\单片机接口与技术综合实践\code\eide_version\src\utils\LCD1602.c", exit code: 1
command: 
  "C:\Users\bjwcw\.eide\tools\sdcc\bin\sdcc.exe" -c --std-c99 -Iinc -Isrc -Isrc/utils -Isrc/screens -mmcs51 --opt-code-speed --iram-size 256 --xram-size 4096 --code-size 8192 -MMD -o .\build\Debug\src\utils\LCD1602.rel .\src\utils\LCD1602.c
   at unify_builder.Program.Main(String[] args_)
---
.\src\utils\LCD1602.c:5: error 2: Initializer element is not a constant expression
.\src\utils\LCD1602.c:6: error 2: Initializer element is not a constant expression
.\src\utils\LCD1602.c:7: error 2: Initializer element is not a constant expression

[2023-12-06 11:00:33]	[done]
	build successfully !

[2023-12-06 11:13:08]	compilation failed at : "d:\OneDrive\课程\单片机接口与技术综合实践\code\eide_version\src\utils\FAN_PWM.c", exit code: 1
command: 
  "C:\Users\bjwcw\.eide\tools\sdcc\bin\sdcc.exe" -c --std-c99 -Iinc -Isrc -Isrc/utils -Isrc/screens -mmcs51 --opt-code-speed --iram-size 256 --xram-size 4096 --code-size 8192 -MMD -o .\build\Debug\src\utils\FAN_PWM.rel .\src\utils\FAN_PWM.c
   at unify_builder.Program.Main(String[] args_)
---
.\src\utils\FAN_PWM.c:17: error 20: Undefined identifier 'FAN'
.\src\utils\FAN_PWM.c:35: error 20: Undefined identifier 'FAN'

[2023-12-06 11:18:48]	[done]
	build successfully !

[2023-12-06 11:20:07]	[done]
	build successfully !

[2023-12-06 11:22:19]	[done]
	build successfully !

[2023-12-06 11:26:01]	[done]
	build successfully !

[2023-12-06 11:28:03]	[done]
	build successfully !

[2023-12-06 11:30:17]	compilation failed at : "d:\OneDrive\课程\单片机接口与技术综合实践\code\eide_version\src\main.c", exit code: 1
command: 
  "C:\Users\bjwcw\.eide\tools\sdcc\bin\sdcc.exe" -c --std-c99 -Iinc -Isrc -Isrc/utils -Isrc/screens -mmcs51 --opt-code-speed --iram-size 256 --xram-size 4096 --code-size 8192 -MMD -o .\build\Debug\src\main.rel .\src\main.c
   at unify_builder.Program.Main(String[] args_)
---
.\src\/./utils/DS18B20.h:7: error 91: extern definition for 'initializeDS18B20' mismatches with declaration.
.\src\/./utils/FUNCTIONS.h:22: error 177: previously defined here

[2023-12-06 11:30:47]	compilation failed at : "d:\OneDrive\课程\单片机接口与技术综合实践\code\eide_version\src\main.c", exit code: 1
command: 
  "C:\Users\bjwcw\.eide\tools\sdcc\bin\sdcc.exe" -c --std-c99 -Iinc -Isrc -Isrc/utils -Isrc/screens -mmcs51 --opt-code-speed --iram-size 256 --xram-size 4096 --code-size 8192 -MMD -o .\build\Debug\src\main.rel .\src\main.c
   at unify_builder.Program.Main(String[] args_)
---
.\src\/./utils/FUNCTIONS.h:22: error 91: extern definition for 'initializeDS18B20' mismatches with declaration.
.\src\/./utils/DS18B20.h:7: error 177: previously defined here

[2023-12-06 11:31:28]	[done]
	build successfully !

[2023-12-06 11:32:34]	[done]
	build successfully !

[2023-12-06 11:33:18]	[done]
	build successfully !

[2023-12-06 11:33:33]	[done]
	build successfully !

[2023-12-06 11:34:28]	[done]
	build successfully !

[2023-12-06 11:34:42]	[done]
	build successfully !

[2023-12-06 11:35:46]	[done]
	build successfully !

[2023-12-06 11:36:52]	[done]
	build successfully !

[2023-12-06 11:37:19]	[done]
	build successfully !

