                                      1 ;--------------------------------------------------------
                                      2 ; File Created by SDCC : free open source ANSI-C Compiler
                                      3 ; Version 4.2.0 #13081 (MINGW64)
                                      4 ;--------------------------------------------------------
                                      5 	.module AT24C02
                                      6 	.optsdcc -mmcs51 --model-small
                                      7 	
                                      8 ;--------------------------------------------------------
                                      9 ; Public variables in this module
                                     10 ;--------------------------------------------------------
                                     11 	.globl _readByteFromIIC
                                     12 	.globl _sendByteToIIC
                                     13 	.globl _stopIIC
                                     14 	.globl _startIIC
                                     15 	.globl _delayOneMillisecond
                                     16 	.globl _CP_RL2
                                     17 	.globl _C_T2
                                     18 	.globl _TR2
                                     19 	.globl _EXEN2
                                     20 	.globl _TCLK
                                     21 	.globl _RCLK
                                     22 	.globl _EXF2
                                     23 	.globl _TF2
                                     24 	.globl _T2
                                     25 	.globl _T2EX
                                     26 	.globl _RI
                                     27 	.globl _TI
                                     28 	.globl _RB8
                                     29 	.globl _TB8
                                     30 	.globl _REN
                                     31 	.globl _SM2
                                     32 	.globl _SM1
                                     33 	.globl _SM0
                                     34 	.globl _RXD
                                     35 	.globl _TXD
                                     36 	.globl _INT0
                                     37 	.globl _INT1
                                     38 	.globl _T0
                                     39 	.globl _T1
                                     40 	.globl _WR
                                     41 	.globl _RD
                                     42 	.globl _PX0
                                     43 	.globl _PT0
                                     44 	.globl _PX1
                                     45 	.globl _PT1
                                     46 	.globl _PS
                                     47 	.globl _PT2
                                     48 	.globl _EX0
                                     49 	.globl _ET0
                                     50 	.globl _EX1
                                     51 	.globl _ET1
                                     52 	.globl _ES
                                     53 	.globl _ET2
                                     54 	.globl _EA
                                     55 	.globl _IT0
                                     56 	.globl _IE0
                                     57 	.globl _IT1
                                     58 	.globl _IE1
                                     59 	.globl _TR0
                                     60 	.globl _TF0
                                     61 	.globl _TR1
                                     62 	.globl _TF1
                                     63 	.globl _P
                                     64 	.globl _OV
                                     65 	.globl _RS0
                                     66 	.globl _RS1
                                     67 	.globl _F0
                                     68 	.globl _AC
                                     69 	.globl _CY
                                     70 	.globl _P37
                                     71 	.globl _P36
                                     72 	.globl _P35
                                     73 	.globl _P34
                                     74 	.globl _P33
                                     75 	.globl _P32
                                     76 	.globl _P31
                                     77 	.globl _P30
                                     78 	.globl _P27
                                     79 	.globl _P26
                                     80 	.globl _P25
                                     81 	.globl _P24
                                     82 	.globl _P23
                                     83 	.globl _P22
                                     84 	.globl _P21
                                     85 	.globl _P20
                                     86 	.globl _P17
                                     87 	.globl _P16
                                     88 	.globl _P15
                                     89 	.globl _P14
                                     90 	.globl _P13
                                     91 	.globl _P12
                                     92 	.globl _P11
                                     93 	.globl _P10
                                     94 	.globl _P07
                                     95 	.globl _P06
                                     96 	.globl _P05
                                     97 	.globl _P04
                                     98 	.globl _P03
                                     99 	.globl _P02
                                    100 	.globl _P01
                                    101 	.globl _P00
                                    102 	.globl _TH2
                                    103 	.globl _TL2
                                    104 	.globl _RCAP2H
                                    105 	.globl _RCAP2L
                                    106 	.globl _T2CON
                                    107 	.globl _SBUF
                                    108 	.globl _SCON
                                    109 	.globl _IP
                                    110 	.globl _IE
                                    111 	.globl _TH1
                                    112 	.globl _TH0
                                    113 	.globl _TL1
                                    114 	.globl _TL0
                                    115 	.globl _TMOD
                                    116 	.globl _TCON
                                    117 	.globl _PCON
                                    118 	.globl _DPH
                                    119 	.globl _DPL
                                    120 	.globl _SP
                                    121 	.globl _B
                                    122 	.globl _ACC
                                    123 	.globl _PSW
                                    124 	.globl _P3
                                    125 	.globl _P2
                                    126 	.globl _P1
                                    127 	.globl _P0
                                    128 	.globl _writeAT24C02_PARM_2
                                    129 	.globl _writeAT24C02
                                    130 	.globl _readAT24C02
                                    131 ;--------------------------------------------------------
                                    132 ; special function registers
                                    133 ;--------------------------------------------------------
                                    134 	.area RSEG    (ABS,DATA)
      000000                        135 	.org 0x0000
                           000080   136 _P0	=	0x0080
                           000090   137 _P1	=	0x0090
                           0000A0   138 _P2	=	0x00a0
                           0000B0   139 _P3	=	0x00b0
                           0000D0   140 _PSW	=	0x00d0
                           0000E0   141 _ACC	=	0x00e0
                           0000F0   142 _B	=	0x00f0
                           000081   143 _SP	=	0x0081
                           000082   144 _DPL	=	0x0082
                           000083   145 _DPH	=	0x0083
                           000087   146 _PCON	=	0x0087
                           000088   147 _TCON	=	0x0088
                           000089   148 _TMOD	=	0x0089
                           00008A   149 _TL0	=	0x008a
                           00008B   150 _TL1	=	0x008b
                           00008C   151 _TH0	=	0x008c
                           00008D   152 _TH1	=	0x008d
                           0000A8   153 _IE	=	0x00a8
                           0000B8   154 _IP	=	0x00b8
                           000098   155 _SCON	=	0x0098
                           000099   156 _SBUF	=	0x0099
                           0000C8   157 _T2CON	=	0x00c8
                           0000CA   158 _RCAP2L	=	0x00ca
                           0000CB   159 _RCAP2H	=	0x00cb
                           0000CC   160 _TL2	=	0x00cc
                           0000CD   161 _TH2	=	0x00cd
                                    162 ;--------------------------------------------------------
                                    163 ; special function bits
                                    164 ;--------------------------------------------------------
                                    165 	.area RSEG    (ABS,DATA)
      000000                        166 	.org 0x0000
                           000080   167 _P00	=	0x0080
                           000081   168 _P01	=	0x0081
                           000082   169 _P02	=	0x0082
                           000083   170 _P03	=	0x0083
                           000084   171 _P04	=	0x0084
                           000085   172 _P05	=	0x0085
                           000086   173 _P06	=	0x0086
                           000087   174 _P07	=	0x0087
                           000090   175 _P10	=	0x0090
                           000091   176 _P11	=	0x0091
                           000092   177 _P12	=	0x0092
                           000093   178 _P13	=	0x0093
                           000094   179 _P14	=	0x0094
                           000095   180 _P15	=	0x0095
                           000096   181 _P16	=	0x0096
                           000097   182 _P17	=	0x0097
                           0000A0   183 _P20	=	0x00a0
                           0000A1   184 _P21	=	0x00a1
                           0000A2   185 _P22	=	0x00a2
                           0000A3   186 _P23	=	0x00a3
                           0000A4   187 _P24	=	0x00a4
                           0000A5   188 _P25	=	0x00a5
                           0000A6   189 _P26	=	0x00a6
                           0000A7   190 _P27	=	0x00a7
                           0000B0   191 _P30	=	0x00b0
                           0000B1   192 _P31	=	0x00b1
                           0000B2   193 _P32	=	0x00b2
                           0000B3   194 _P33	=	0x00b3
                           0000B4   195 _P34	=	0x00b4
                           0000B5   196 _P35	=	0x00b5
                           0000B6   197 _P36	=	0x00b6
                           0000B7   198 _P37	=	0x00b7
                           0000D7   199 _CY	=	0x00d7
                           0000D6   200 _AC	=	0x00d6
                           0000D5   201 _F0	=	0x00d5
                           0000D4   202 _RS1	=	0x00d4
                           0000D3   203 _RS0	=	0x00d3
                           0000D2   204 _OV	=	0x00d2
                           0000D0   205 _P	=	0x00d0
                           00008F   206 _TF1	=	0x008f
                           00008E   207 _TR1	=	0x008e
                           00008D   208 _TF0	=	0x008d
                           00008C   209 _TR0	=	0x008c
                           00008B   210 _IE1	=	0x008b
                           00008A   211 _IT1	=	0x008a
                           000089   212 _IE0	=	0x0089
                           000088   213 _IT0	=	0x0088
                           0000AF   214 _EA	=	0x00af
                           0000AD   215 _ET2	=	0x00ad
                           0000AC   216 _ES	=	0x00ac
                           0000AB   217 _ET1	=	0x00ab
                           0000AA   218 _EX1	=	0x00aa
                           0000A9   219 _ET0	=	0x00a9
                           0000A8   220 _EX0	=	0x00a8
                           0000BD   221 _PT2	=	0x00bd
                           0000BC   222 _PS	=	0x00bc
                           0000BB   223 _PT1	=	0x00bb
                           0000BA   224 _PX1	=	0x00ba
                           0000B9   225 _PT0	=	0x00b9
                           0000B8   226 _PX0	=	0x00b8
                           0000B7   227 _RD	=	0x00b7
                           0000B6   228 _WR	=	0x00b6
                           0000B5   229 _T1	=	0x00b5
                           0000B4   230 _T0	=	0x00b4
                           0000B3   231 _INT1	=	0x00b3
                           0000B2   232 _INT0	=	0x00b2
                           0000B1   233 _TXD	=	0x00b1
                           0000B0   234 _RXD	=	0x00b0
                           00009F   235 _SM0	=	0x009f
                           00009E   236 _SM1	=	0x009e
                           00009D   237 _SM2	=	0x009d
                           00009C   238 _REN	=	0x009c
                           00009B   239 _TB8	=	0x009b
                           00009A   240 _RB8	=	0x009a
                           000099   241 _TI	=	0x0099
                           000098   242 _RI	=	0x0098
                           000091   243 _T2EX	=	0x0091
                           000090   244 _T2	=	0x0090
                           0000CF   245 _TF2	=	0x00cf
                           0000CE   246 _EXF2	=	0x00ce
                           0000CD   247 _RCLK	=	0x00cd
                           0000CC   248 _TCLK	=	0x00cc
                           0000CB   249 _EXEN2	=	0x00cb
                           0000CA   250 _TR2	=	0x00ca
                           0000C9   251 _C_T2	=	0x00c9
                           0000C8   252 _CP_RL2	=	0x00c8
                                    253 ;--------------------------------------------------------
                                    254 ; overlayable register banks
                                    255 ;--------------------------------------------------------
                                    256 	.area REG_BANK_0	(REL,OVR,DATA)
      000000                        257 	.ds 8
                                    258 ;--------------------------------------------------------
                                    259 ; internal ram data
                                    260 ;--------------------------------------------------------
                                    261 	.area DSEG    (DATA)
      000000                        262 _writeAT24C02_PARM_2:
      000000                        263 	.ds 1
                                    264 ;--------------------------------------------------------
                                    265 ; overlayable items in internal ram
                                    266 ;--------------------------------------------------------
                                    267 ;--------------------------------------------------------
                                    268 ; indirectly addressable internal ram data
                                    269 ;--------------------------------------------------------
                                    270 	.area ISEG    (DATA)
                                    271 ;--------------------------------------------------------
                                    272 ; absolute internal ram data
                                    273 ;--------------------------------------------------------
                                    274 	.area IABS    (ABS,DATA)
                                    275 	.area IABS    (ABS,DATA)
                                    276 ;--------------------------------------------------------
                                    277 ; bit data
                                    278 ;--------------------------------------------------------
                                    279 	.area BSEG    (BIT)
                                    280 ;--------------------------------------------------------
                                    281 ; paged external ram data
                                    282 ;--------------------------------------------------------
                                    283 	.area PSEG    (PAG,XDATA)
                                    284 ;--------------------------------------------------------
                                    285 ; external ram data
                                    286 ;--------------------------------------------------------
                                    287 	.area XSEG    (XDATA)
                                    288 ;--------------------------------------------------------
                                    289 ; absolute external ram data
                                    290 ;--------------------------------------------------------
                                    291 	.area XABS    (ABS,XDATA)
                                    292 ;--------------------------------------------------------
                                    293 ; external initialized ram data
                                    294 ;--------------------------------------------------------
                                    295 	.area XISEG   (XDATA)
                                    296 	.area HOME    (CODE)
                                    297 	.area GSINIT0 (CODE)
                                    298 	.area GSINIT1 (CODE)
                                    299 	.area GSINIT2 (CODE)
                                    300 	.area GSINIT3 (CODE)
                                    301 	.area GSINIT4 (CODE)
                                    302 	.area GSINIT5 (CODE)
                                    303 	.area GSINIT  (CODE)
                                    304 	.area GSFINAL (CODE)
                                    305 	.area CSEG    (CODE)
                                    306 ;--------------------------------------------------------
                                    307 ; global & static initialisations
                                    308 ;--------------------------------------------------------
                                    309 	.area HOME    (CODE)
                                    310 	.area GSINIT  (CODE)
                                    311 	.area GSFINAL (CODE)
                                    312 	.area GSINIT  (CODE)
                                    313 ;--------------------------------------------------------
                                    314 ; Home
                                    315 ;--------------------------------------------------------
                                    316 	.area HOME    (CODE)
                                    317 	.area HOME    (CODE)
                                    318 ;--------------------------------------------------------
                                    319 ; code
                                    320 ;--------------------------------------------------------
                                    321 	.area CSEG    (CODE)
                                    322 ;------------------------------------------------------------
                                    323 ;Allocation info for local variables in function 'writeAT24C02'
                                    324 ;------------------------------------------------------------
                                    325 ;dat                       Allocated with name '_writeAT24C02_PARM_2'
                                    326 ;addr                      Allocated to registers r7 
                                    327 ;------------------------------------------------------------
                                    328 ;	.\src\utils\AT24C02.c:7: void writeAT24C02(unsigned char addr, unsigned char dat) {
                                    329 ;	-----------------------------------------
                                    330 ;	 function writeAT24C02
                                    331 ;	-----------------------------------------
      000000                        332 _writeAT24C02:
                           000007   333 	ar7 = 0x07
                           000006   334 	ar6 = 0x06
                           000005   335 	ar5 = 0x05
                           000004   336 	ar4 = 0x04
                           000003   337 	ar3 = 0x03
                           000002   338 	ar2 = 0x02
                           000001   339 	ar1 = 0x01
                           000000   340 	ar0 = 0x00
      000000 AF 82            [24]  341 	mov	r7,dpl
                                    342 ;	.\src\utils\AT24C02.c:8: startIIC();
      000002 C0 07            [24]  343 	push	ar7
      000004 12r00r00         [24]  344 	lcall	_startIIC
                                    345 ;	.\src\utils\AT24C02.c:9: sendByteToIIC((unsigned char)(AT24C02_ADD));	//发送写器件地址
      000007 75 82 A0         [24]  346 	mov	dpl,#0xa0
      00000A 12r00r00         [24]  347 	lcall	_sendByteToIIC
      00000D D0 07            [24]  348 	pop	ar7
                                    349 ;	.\src\utils\AT24C02.c:10: sendByteToIIC(addr);	//发送要写入内存地址
      00000F 8F 82            [24]  350 	mov	dpl,r7
      000011 12r00r00         [24]  351 	lcall	_sendByteToIIC
                                    352 ;	.\src\utils\AT24C02.c:11: sendByteToIIC(dat);	//发送数据
      000014 85*00 82         [24]  353 	mov	dpl,_writeAT24C02_PARM_2
      000017 12r00r00         [24]  354 	lcall	_sendByteToIIC
                                    355 ;	.\src\utils\AT24C02.c:12: stopIIC();
      00001A 12r00r00         [24]  356 	lcall	_stopIIC
                                    357 ;	.\src\utils\AT24C02.c:13: delayOneMillisecond(300);
      00001D 90 01 2C         [24]  358 	mov	dptr,#0x012c
                                    359 ;	.\src\utils\AT24C02.c:14: }
      000020 02r00r00         [24]  360 	ljmp	_delayOneMillisecond
                                    361 ;------------------------------------------------------------
                                    362 ;Allocation info for local variables in function 'readAT24C02'
                                    363 ;------------------------------------------------------------
                                    364 ;addr                      Allocated to registers r7 
                                    365 ;num                       Allocated to registers r7 
                                    366 ;------------------------------------------------------------
                                    367 ;	.\src\utils\AT24C02.c:19: unsigned char readAT24C02(unsigned char addr) {
                                    368 ;	-----------------------------------------
                                    369 ;	 function readAT24C02
                                    370 ;	-----------------------------------------
      000023                        371 _readAT24C02:
      000023 AF 82            [24]  372 	mov	r7,dpl
                                    373 ;	.\src\utils\AT24C02.c:22: startIIC();
      000025 C0 07            [24]  374 	push	ar7
      000027 12r00r00         [24]  375 	lcall	_startIIC
                                    376 ;	.\src\utils\AT24C02.c:23: sendByteToIIC((unsigned char)(AT24C02_ADD));	//发送写器件地址
      00002A 75 82 A0         [24]  377 	mov	dpl,#0xa0
      00002D 12r00r00         [24]  378 	lcall	_sendByteToIIC
      000030 D0 07            [24]  379 	pop	ar7
                                    380 ;	.\src\utils\AT24C02.c:24: sendByteToIIC(addr);	//发送要读取的地址
      000032 8F 82            [24]  381 	mov	dpl,r7
      000034 12r00r00         [24]  382 	lcall	_sendByteToIIC
                                    383 ;	.\src\utils\AT24C02.c:25: startIIC();
      000037 12r00r00         [24]  384 	lcall	_startIIC
                                    385 ;	.\src\utils\AT24C02.c:26: sendByteToIIC((unsigned char)(AT24C02_ADD + 1));	//发送读器件地址
      00003A 75 82 A1         [24]  386 	mov	dpl,#0xa1
      00003D 12r00r00         [24]  387 	lcall	_sendByteToIIC
                                    388 ;	.\src\utils\AT24C02.c:27: num=readByteFromIIC();	//读取数据
      000040 12r00r00         [24]  389 	lcall	_readByteFromIIC
      000043 AF 82            [24]  390 	mov	r7,dpl
                                    391 ;	.\src\utils\AT24C02.c:28: stopIIC();
      000045 C0 07            [24]  392 	push	ar7
      000047 12r00r00         [24]  393 	lcall	_stopIIC
                                    394 ;	.\src\utils\AT24C02.c:29: delayOneMillisecond(300);
      00004A 90 01 2C         [24]  395 	mov	dptr,#0x012c
      00004D 12r00r00         [24]  396 	lcall	_delayOneMillisecond
      000050 D0 07            [24]  397 	pop	ar7
                                    398 ;	.\src\utils\AT24C02.c:31: return num;	
      000052 8F 82            [24]  399 	mov	dpl,r7
                                    400 ;	.\src\utils\AT24C02.c:32: }
      000054 22               [24]  401 	ret
                                    402 	.area CSEG    (CODE)
                                    403 	.area CONST   (CODE)
                                    404 	.area XINIT   (CODE)
                                    405 	.area CABS    (ABS,CODE)
