                                      1 ;--------------------------------------------------------
                                      2 ; File Created by SDCC : free open source ANSI-C Compiler
                                      3 ; Version 4.2.0 #13081 (MINGW64)
                                      4 ;--------------------------------------------------------
                                      5 	.module IIC
                                      6 	.optsdcc -mmcs51 --model-small
                                      7 	
                                      8 ;--------------------------------------------------------
                                      9 ; Public variables in this module
                                     10 ;--------------------------------------------------------
                                     11 	.globl _CP_RL2
                                     12 	.globl _C_T2
                                     13 	.globl _TR2
                                     14 	.globl _EXEN2
                                     15 	.globl _TCLK
                                     16 	.globl _RCLK
                                     17 	.globl _EXF2
                                     18 	.globl _TF2
                                     19 	.globl _T2
                                     20 	.globl _T2EX
                                     21 	.globl _RI
                                     22 	.globl _TI
                                     23 	.globl _RB8
                                     24 	.globl _TB8
                                     25 	.globl _REN
                                     26 	.globl _SM2
                                     27 	.globl _SM1
                                     28 	.globl _SM0
                                     29 	.globl _RXD
                                     30 	.globl _TXD
                                     31 	.globl _INT0
                                     32 	.globl _INT1
                                     33 	.globl _T0
                                     34 	.globl _T1
                                     35 	.globl _WR
                                     36 	.globl _RD
                                     37 	.globl _PX0
                                     38 	.globl _PT0
                                     39 	.globl _PX1
                                     40 	.globl _PT1
                                     41 	.globl _PS
                                     42 	.globl _PT2
                                     43 	.globl _EX0
                                     44 	.globl _ET0
                                     45 	.globl _EX1
                                     46 	.globl _ET1
                                     47 	.globl _ES
                                     48 	.globl _ET2
                                     49 	.globl _EA
                                     50 	.globl _IT0
                                     51 	.globl _IE0
                                     52 	.globl _IT1
                                     53 	.globl _IE1
                                     54 	.globl _TR0
                                     55 	.globl _TF0
                                     56 	.globl _TR1
                                     57 	.globl _TF1
                                     58 	.globl _P
                                     59 	.globl _OV
                                     60 	.globl _RS0
                                     61 	.globl _RS1
                                     62 	.globl _F0
                                     63 	.globl _AC
                                     64 	.globl _CY
                                     65 	.globl _P37
                                     66 	.globl _P36
                                     67 	.globl _P35
                                     68 	.globl _P34
                                     69 	.globl _P33
                                     70 	.globl _P32
                                     71 	.globl _P31
                                     72 	.globl _P30
                                     73 	.globl _P27
                                     74 	.globl _P26
                                     75 	.globl _P25
                                     76 	.globl _P24
                                     77 	.globl _P23
                                     78 	.globl _P22
                                     79 	.globl _P21
                                     80 	.globl _P20
                                     81 	.globl _P17
                                     82 	.globl _P16
                                     83 	.globl _P15
                                     84 	.globl _P14
                                     85 	.globl _P13
                                     86 	.globl _P12
                                     87 	.globl _P11
                                     88 	.globl _P10
                                     89 	.globl _P07
                                     90 	.globl _P06
                                     91 	.globl _P05
                                     92 	.globl _P04
                                     93 	.globl _P03
                                     94 	.globl _P02
                                     95 	.globl _P01
                                     96 	.globl _P00
                                     97 	.globl _TH2
                                     98 	.globl _TL2
                                     99 	.globl _RCAP2H
                                    100 	.globl _RCAP2L
                                    101 	.globl _T2CON
                                    102 	.globl _SBUF
                                    103 	.globl _SCON
                                    104 	.globl _IP
                                    105 	.globl _IE
                                    106 	.globl _TH1
                                    107 	.globl _TH0
                                    108 	.globl _TL1
                                    109 	.globl _TL0
                                    110 	.globl _TMOD
                                    111 	.globl _TCON
                                    112 	.globl _PCON
                                    113 	.globl _DPH
                                    114 	.globl _DPL
                                    115 	.globl _SP
                                    116 	.globl _B
                                    117 	.globl _ACC
                                    118 	.globl _PSW
                                    119 	.globl _P3
                                    120 	.globl _P2
                                    121 	.globl _P1
                                    122 	.globl _P0
                                    123 	.globl _startIIC
                                    124 	.globl _stopIIC
                                    125 	.globl _sendByteToIIC
                                    126 	.globl _readByteFromIIC
                                    127 ;--------------------------------------------------------
                                    128 ; special function registers
                                    129 ;--------------------------------------------------------
                                    130 	.area RSEG    (ABS,DATA)
      000000                        131 	.org 0x0000
                           000080   132 _P0	=	0x0080
                           000090   133 _P1	=	0x0090
                           0000A0   134 _P2	=	0x00a0
                           0000B0   135 _P3	=	0x00b0
                           0000D0   136 _PSW	=	0x00d0
                           0000E0   137 _ACC	=	0x00e0
                           0000F0   138 _B	=	0x00f0
                           000081   139 _SP	=	0x0081
                           000082   140 _DPL	=	0x0082
                           000083   141 _DPH	=	0x0083
                           000087   142 _PCON	=	0x0087
                           000088   143 _TCON	=	0x0088
                           000089   144 _TMOD	=	0x0089
                           00008A   145 _TL0	=	0x008a
                           00008B   146 _TL1	=	0x008b
                           00008C   147 _TH0	=	0x008c
                           00008D   148 _TH1	=	0x008d
                           0000A8   149 _IE	=	0x00a8
                           0000B8   150 _IP	=	0x00b8
                           000098   151 _SCON	=	0x0098
                           000099   152 _SBUF	=	0x0099
                           0000C8   153 _T2CON	=	0x00c8
                           0000CA   154 _RCAP2L	=	0x00ca
                           0000CB   155 _RCAP2H	=	0x00cb
                           0000CC   156 _TL2	=	0x00cc
                           0000CD   157 _TH2	=	0x00cd
                                    158 ;--------------------------------------------------------
                                    159 ; special function bits
                                    160 ;--------------------------------------------------------
                                    161 	.area RSEG    (ABS,DATA)
      000000                        162 	.org 0x0000
                           000080   163 _P00	=	0x0080
                           000081   164 _P01	=	0x0081
                           000082   165 _P02	=	0x0082
                           000083   166 _P03	=	0x0083
                           000084   167 _P04	=	0x0084
                           000085   168 _P05	=	0x0085
                           000086   169 _P06	=	0x0086
                           000087   170 _P07	=	0x0087
                           000090   171 _P10	=	0x0090
                           000091   172 _P11	=	0x0091
                           000092   173 _P12	=	0x0092
                           000093   174 _P13	=	0x0093
                           000094   175 _P14	=	0x0094
                           000095   176 _P15	=	0x0095
                           000096   177 _P16	=	0x0096
                           000097   178 _P17	=	0x0097
                           0000A0   179 _P20	=	0x00a0
                           0000A1   180 _P21	=	0x00a1
                           0000A2   181 _P22	=	0x00a2
                           0000A3   182 _P23	=	0x00a3
                           0000A4   183 _P24	=	0x00a4
                           0000A5   184 _P25	=	0x00a5
                           0000A6   185 _P26	=	0x00a6
                           0000A7   186 _P27	=	0x00a7
                           0000B0   187 _P30	=	0x00b0
                           0000B1   188 _P31	=	0x00b1
                           0000B2   189 _P32	=	0x00b2
                           0000B3   190 _P33	=	0x00b3
                           0000B4   191 _P34	=	0x00b4
                           0000B5   192 _P35	=	0x00b5
                           0000B6   193 _P36	=	0x00b6
                           0000B7   194 _P37	=	0x00b7
                           0000D7   195 _CY	=	0x00d7
                           0000D6   196 _AC	=	0x00d6
                           0000D5   197 _F0	=	0x00d5
                           0000D4   198 _RS1	=	0x00d4
                           0000D3   199 _RS0	=	0x00d3
                           0000D2   200 _OV	=	0x00d2
                           0000D0   201 _P	=	0x00d0
                           00008F   202 _TF1	=	0x008f
                           00008E   203 _TR1	=	0x008e
                           00008D   204 _TF0	=	0x008d
                           00008C   205 _TR0	=	0x008c
                           00008B   206 _IE1	=	0x008b
                           00008A   207 _IT1	=	0x008a
                           000089   208 _IE0	=	0x0089
                           000088   209 _IT0	=	0x0088
                           0000AF   210 _EA	=	0x00af
                           0000AD   211 _ET2	=	0x00ad
                           0000AC   212 _ES	=	0x00ac
                           0000AB   213 _ET1	=	0x00ab
                           0000AA   214 _EX1	=	0x00aa
                           0000A9   215 _ET0	=	0x00a9
                           0000A8   216 _EX0	=	0x00a8
                           0000BD   217 _PT2	=	0x00bd
                           0000BC   218 _PS	=	0x00bc
                           0000BB   219 _PT1	=	0x00bb
                           0000BA   220 _PX1	=	0x00ba
                           0000B9   221 _PT0	=	0x00b9
                           0000B8   222 _PX0	=	0x00b8
                           0000B7   223 _RD	=	0x00b7
                           0000B6   224 _WR	=	0x00b6
                           0000B5   225 _T1	=	0x00b5
                           0000B4   226 _T0	=	0x00b4
                           0000B3   227 _INT1	=	0x00b3
                           0000B2   228 _INT0	=	0x00b2
                           0000B1   229 _TXD	=	0x00b1
                           0000B0   230 _RXD	=	0x00b0
                           00009F   231 _SM0	=	0x009f
                           00009E   232 _SM1	=	0x009e
                           00009D   233 _SM2	=	0x009d
                           00009C   234 _REN	=	0x009c
                           00009B   235 _TB8	=	0x009b
                           00009A   236 _RB8	=	0x009a
                           000099   237 _TI	=	0x0099
                           000098   238 _RI	=	0x0098
                           000091   239 _T2EX	=	0x0091
                           000090   240 _T2	=	0x0090
                           0000CF   241 _TF2	=	0x00cf
                           0000CE   242 _EXF2	=	0x00ce
                           0000CD   243 _RCLK	=	0x00cd
                           0000CC   244 _TCLK	=	0x00cc
                           0000CB   245 _EXEN2	=	0x00cb
                           0000CA   246 _TR2	=	0x00ca
                           0000C9   247 _C_T2	=	0x00c9
                           0000C8   248 _CP_RL2	=	0x00c8
                                    249 ;--------------------------------------------------------
                                    250 ; overlayable register banks
                                    251 ;--------------------------------------------------------
                                    252 	.area REG_BANK_0	(REL,OVR,DATA)
      000000                        253 	.ds 8
                                    254 ;--------------------------------------------------------
                                    255 ; internal ram data
                                    256 ;--------------------------------------------------------
                                    257 	.area DSEG    (DATA)
                                    258 ;--------------------------------------------------------
                                    259 ; overlayable items in internal ram
                                    260 ;--------------------------------------------------------
                                    261 	.area	OSEG    (OVR,DATA)
                                    262 	.area	OSEG    (OVR,DATA)
                                    263 ;--------------------------------------------------------
                                    264 ; indirectly addressable internal ram data
                                    265 ;--------------------------------------------------------
                                    266 	.area ISEG    (DATA)
                                    267 ;--------------------------------------------------------
                                    268 ; absolute internal ram data
                                    269 ;--------------------------------------------------------
                                    270 	.area IABS    (ABS,DATA)
                                    271 	.area IABS    (ABS,DATA)
                                    272 ;--------------------------------------------------------
                                    273 ; bit data
                                    274 ;--------------------------------------------------------
                                    275 	.area BSEG    (BIT)
                                    276 ;--------------------------------------------------------
                                    277 ; paged external ram data
                                    278 ;--------------------------------------------------------
                                    279 	.area PSEG    (PAG,XDATA)
                                    280 ;--------------------------------------------------------
                                    281 ; external ram data
                                    282 ;--------------------------------------------------------
                                    283 	.area XSEG    (XDATA)
                                    284 ;--------------------------------------------------------
                                    285 ; absolute external ram data
                                    286 ;--------------------------------------------------------
                                    287 	.area XABS    (ABS,XDATA)
                                    288 ;--------------------------------------------------------
                                    289 ; external initialized ram data
                                    290 ;--------------------------------------------------------
                                    291 	.area XISEG   (XDATA)
                                    292 	.area HOME    (CODE)
                                    293 	.area GSINIT0 (CODE)
                                    294 	.area GSINIT1 (CODE)
                                    295 	.area GSINIT2 (CODE)
                                    296 	.area GSINIT3 (CODE)
                                    297 	.area GSINIT4 (CODE)
                                    298 	.area GSINIT5 (CODE)
                                    299 	.area GSINIT  (CODE)
                                    300 	.area GSFINAL (CODE)
                                    301 	.area CSEG    (CODE)
                                    302 ;--------------------------------------------------------
                                    303 ; global & static initialisations
                                    304 ;--------------------------------------------------------
                                    305 	.area HOME    (CODE)
                                    306 	.area GSINIT  (CODE)
                                    307 	.area GSFINAL (CODE)
                                    308 	.area GSINIT  (CODE)
                                    309 ;--------------------------------------------------------
                                    310 ; Home
                                    311 ;--------------------------------------------------------
                                    312 	.area HOME    (CODE)
                                    313 	.area HOME    (CODE)
                                    314 ;--------------------------------------------------------
                                    315 ; code
                                    316 ;--------------------------------------------------------
                                    317 	.area CSEG    (CODE)
                                    318 ;------------------------------------------------------------
                                    319 ;Allocation info for local variables in function 'startIIC'
                                    320 ;------------------------------------------------------------
                                    321 ;	.\src\utils\IIC.c:4: void startIIC(void) {
                                    322 ;	-----------------------------------------
                                    323 ;	 function startIIC
                                    324 ;	-----------------------------------------
      000000                        325 _startIIC:
                           000007   326 	ar7 = 0x07
                           000006   327 	ar6 = 0x06
                           000005   328 	ar5 = 0x05
                           000004   329 	ar4 = 0x04
                           000003   330 	ar3 = 0x03
                           000002   331 	ar2 = 0x02
                           000001   332 	ar1 = 0x01
                           000000   333 	ar0 = 0x00
                                    334 ;	.\src\utils\IIC.c:5: SDA = 1;
                                    335 ;	assignBit
      000000 D2 97            [12]  336 	setb	_P17
                                    337 ;	.\src\utils\IIC.c:7: SCL = 1;
                                    338 ;	assignBit
      000002 D2 96            [12]  339 	setb	_P16
                                    340 ;	.\src\utils\IIC.c:9: SDA = 0;
                                    341 ;	assignBit
      000004 C2 97            [12]  342 	clr	_P17
                                    343 ;	.\src\utils\IIC.c:11: SCL = 0;			
                                    344 ;	assignBit
      000006 C2 96            [12]  345 	clr	_P16
                                    346 ;	.\src\utils\IIC.c:13: }
      000008 22               [24]  347 	ret
                                    348 ;------------------------------------------------------------
                                    349 ;Allocation info for local variables in function 'stopIIC'
                                    350 ;------------------------------------------------------------
                                    351 ;	.\src\utils\IIC.c:16: void stopIIC(void) {
                                    352 ;	-----------------------------------------
                                    353 ;	 function stopIIC
                                    354 ;	-----------------------------------------
      000009                        355 _stopIIC:
                                    356 ;	.\src\utils\IIC.c:17: SDA = 0;
                                    357 ;	assignBit
      000009 C2 97            [12]  358 	clr	_P17
                                    359 ;	.\src\utils\IIC.c:19: SCL = 1;
                                    360 ;	assignBit
      00000B D2 96            [12]  361 	setb	_P16
                                    362 ;	.\src\utils\IIC.c:21: SDA = 1;
                                    363 ;	assignBit
      00000D D2 97            [12]  364 	setb	_P17
                                    365 ;	.\src\utils\IIC.c:23: }
      00000F 22               [24]  366 	ret
                                    367 ;------------------------------------------------------------
                                    368 ;Allocation info for local variables in function 'sendByteToIIC'
                                    369 ;------------------------------------------------------------
                                    370 ;dat                       Allocated to registers r7 
                                    371 ;a                         Allocated to registers r6 
                                    372 ;b                         Allocated to registers r7 
                                    373 ;------------------------------------------------------------
                                    374 ;	.\src\utils\IIC.c:28: unsigned char sendByteToIIC(unsigned char dat) {
                                    375 ;	-----------------------------------------
                                    376 ;	 function sendByteToIIC
                                    377 ;	-----------------------------------------
      000010                        378 _sendByteToIIC:
      000010 AF 82            [24]  379 	mov	r7,dpl
                                    380 ;	.\src\utils\IIC.c:31: for(a = 0;a < 8;a ++) {	//要发送8位，从最高位开始
      000012 7E 00            [12]  381 	mov	r6,#0x00
      000014                        382 00107$:
                                    383 ;	.\src\utils\IIC.c:32: SDA = dat >> 7;	//起始信号之后SCL=0，所以可以直接改变SDA信号
      000014 EF               [12]  384 	mov	a,r7
      000015 23               [12]  385 	rl	a
      000016 54 01            [12]  386 	anl	a,#0x01
                                    387 ;	assignBit
      000018 24 FF            [12]  388 	add	a,#0xff
      00001A 92 97            [24]  389 	mov	_P17,c
                                    390 ;	.\src\utils\IIC.c:33: dat = dat << 1;
      00001C 8F 05            [24]  391 	mov	ar5,r7
      00001E ED               [12]  392 	mov	a,r5
      00001F 2D               [12]  393 	add	a,r5
      000020 FF               [12]  394 	mov	r7,a
                                    395 ;	.\src\utils\IIC.c:35: SCL = 1;
                                    396 ;	assignBit
      000021 D2 96            [12]  397 	setb	_P16
                                    398 ;	.\src\utils\IIC.c:37: SCL = 0;
                                    399 ;	assignBit
      000023 C2 96            [12]  400 	clr	_P16
                                    401 ;	.\src\utils\IIC.c:31: for(a = 0;a < 8;a ++) {	//要发送8位，从最高位开始
      000025 0E               [12]  402 	inc	r6
      000026 BE 08 00         [24]  403 	cjne	r6,#0x08,00132$
      000029                        404 00132$:
      000029 40 E9            [24]  405 	jc	00107$
                                    406 ;	.\src\utils\IIC.c:41: SDA = 1;
                                    407 ;	assignBit
      00002B D2 97            [12]  408 	setb	_P17
                                    409 ;	.\src\utils\IIC.c:43: SCL = 1;
                                    410 ;	assignBit
      00002D D2 96            [12]  411 	setb	_P16
                                    412 ;	.\src\utils\IIC.c:45: while(SDA) {	//等待应答，也就是等待从设备把SDA拉低
      00002F 7F 00            [12]  413 	mov	r7,#0x00
      000031                        414 00104$:
      000031 30 97 0C         [24]  415 	jnb	_P17,00106$
                                    416 ;	.\src\utils\IIC.c:46: b ++;
      000034 0F               [12]  417 	inc	r7
                                    418 ;	.\src\utils\IIC.c:47: if(b > 200) {	//如果超过2000us没有应答发送失败，或者为非应答，表示接收结束
      000035 EF               [12]  419 	mov	a,r7
      000036 24 37            [12]  420 	add	a,#0xff - 0xc8
      000038 50 F7            [24]  421 	jnc	00104$
                                    422 ;	.\src\utils\IIC.c:48: SCL = 0;
                                    423 ;	assignBit
      00003A C2 96            [12]  424 	clr	_P16
                                    425 ;	.\src\utils\IIC.c:50: return 0;
      00003C 75 82 00         [24]  426 	mov	dpl,#0x00
      00003F 22               [24]  427 	ret
      000040                        428 00106$:
                                    429 ;	.\src\utils\IIC.c:54: SCL = 0;
                                    430 ;	assignBit
      000040 C2 96            [12]  431 	clr	_P16
                                    432 ;	.\src\utils\IIC.c:56: return 1;		
      000042 75 82 01         [24]  433 	mov	dpl,#0x01
                                    434 ;	.\src\utils\IIC.c:57: }
      000045 22               [24]  435 	ret
                                    436 ;------------------------------------------------------------
                                    437 ;Allocation info for local variables in function 'readByteFromIIC'
                                    438 ;------------------------------------------------------------
                                    439 ;a                         Allocated to registers r6 
                                    440 ;dat                       Allocated to registers r5 
                                    441 ;------------------------------------------------------------
                                    442 ;	.\src\utils\IIC.c:61: unsigned char readByteFromIIC(void) {
                                    443 ;	-----------------------------------------
                                    444 ;	 function readByteFromIIC
                                    445 ;	-----------------------------------------
      000046                        446 _readByteFromIIC:
                                    447 ;	.\src\utils\IIC.c:62: unsigned char a, dat=0;
      000046 7F 00            [12]  448 	mov	r7,#0x00
                                    449 ;	.\src\utils\IIC.c:64: SDA = 1;	//起始和发送一个字节之后SCL都是0
                                    450 ;	assignBit
      000048 D2 97            [12]  451 	setb	_P17
                                    452 ;	.\src\utils\IIC.c:67: for(a = 0;a < 8;a ++) {	//接收8个字节
      00004A 7E 00            [12]  453 	mov	r6,#0x00
      00004C                        454 00102$:
                                    455 ;	.\src\utils\IIC.c:68: SCL = 1;
                                    456 ;	assignBit
      00004C D2 96            [12]  457 	setb	_P16
                                    458 ;	.\src\utils\IIC.c:70: dat <<= 1;
      00004E 8F 05            [24]  459 	mov	ar5,r7
      000050 ED               [12]  460 	mov	a,r5
      000051 2D               [12]  461 	add	a,r5
      000052 FD               [12]  462 	mov	r5,a
                                    463 ;	.\src\utils\IIC.c:71: dat |= SDA;
      000053 A2 97            [12]  464 	mov	c,_P17
      000055 E4               [12]  465 	clr	a
      000056 33               [12]  466 	rlc	a
      000057 4D               [12]  467 	orl	a,r5
      000058 FF               [12]  468 	mov	r7,a
                                    469 ;	.\src\utils\IIC.c:73: SCL = 0;
                                    470 ;	assignBit
      000059 C2 96            [12]  471 	clr	_P16
                                    472 ;	.\src\utils\IIC.c:67: for(a = 0;a < 8;a ++) {	//接收8个字节
      00005B 0E               [12]  473 	inc	r6
      00005C BE 08 00         [24]  474 	cjne	r6,#0x08,00117$
      00005F                        475 00117$:
      00005F 40 EB            [24]  476 	jc	00102$
                                    477 ;	.\src\utils\IIC.c:77: return dat;		
      000061 8F 82            [24]  478 	mov	dpl,r7
                                    479 ;	.\src\utils\IIC.c:78: }
      000063 22               [24]  480 	ret
                                    481 	.area CSEG    (CODE)
                                    482 	.area CONST   (CODE)
                                    483 	.area XINIT   (CODE)
                                    484 	.area CABS    (ABS,CODE)
