C51 COMPILER V9.01   FAN_PWM                                                               12/06/2023 12:06:33 PAGE 1   


C51 COMPILER V9.01, COMPILATION OF MODULE FAN_PWM
OBJECT MODULE PLACED IN .\FAN_PWM.obj
COMPILER INVOKED BY: D:\Program Files\Keil\C51\BIN\C51.EXE ..\eide\src\utils\FAN_PWM.c BROWSE DEBUG OBJECTEXTEND PRINT(.
                    -\FAN_PWM.lst) OBJECT(.\FAN_PWM.obj)

line level    source

   1          #include "FAN_PWM.h"
   2          
   3          void initializeFan() {
   4   1          // 默认关闭风扇
   5   1          FAN = 0;
   6   1          // 初始化定时器0
   7   1              TMOD &= 0xF0;   // 清除定时器0模式位
   8   1              TMOD |= 0x01;   // 设置定时器模式
   9   1              TL0 = TL_INIT;  // 设置定时初值
  10   1              TH0 = TH_INIT;  // 设置定时初值
  11   1              TF0 = 0;    // 清除TF0标志
  12   1              TR0 = 1;    // 定时器0开始计时
  13   1              ET0 = 1;    // 使能定时器0中断
  14   1              EA = 1; // 开启总中断
  15   1      }
  16          
  17          void PWM () interrupt 1 {
  18   1          // PWM计数
  19   1          static unsigned char i=0;
  20   1          // 重新设置定时初值
  21   1              TL0 = TL_INIT;
  22   1              TH0 = TH_INIT;
  23   1          FAN = fanState[i%4];
  24   1          if (++i >= 100) i = 0;
  25   1      }


MODULE INFORMATION:   STATIC OVERLAYABLE
   CODE SIZE        =     69    ----
   CONSTANT SIZE    =   ----    ----
   XDATA SIZE       =   ----    ----
   PDATA SIZE       =   ----    ----
   DATA SIZE        =      1    ----
   IDATA SIZE       =   ----    ----
   BIT SIZE         =   ----    ----
END OF MODULE INFORMATION.


C51 COMPILATION COMPLETE.  0 WARNING(S),  0 ERROR(S)
