                                      1 ;--------------------------------------------------------
                                      2 ; File Created by SDCC : free open source ANSI-C Compiler
                                      3 ; Version 4.2.0 #13081 (MINGW64)
                                      4 ;--------------------------------------------------------
                                      5 	.module alartScreen
                                      6 	.optsdcc -mmcs51 --model-small
                                      7 	
                                      8 ;--------------------------------------------------------
                                      9 ; Public variables in this module
                                     10 ;--------------------------------------------------------
                                     11 	.globl _alartScreen
                                     12 	.globl _putStringOnLCD1602
                                     13 	.globl _clearLineInLCD1602
                                     14 	.globl _delayOneMillisecond
                                     15 	.globl _CP_RL2
                                     16 	.globl _C_T2
                                     17 	.globl _TR2
                                     18 	.globl _EXEN2
                                     19 	.globl _TCLK
                                     20 	.globl _RCLK
                                     21 	.globl _EXF2
                                     22 	.globl _TF2
                                     23 	.globl _T2
                                     24 	.globl _T2EX
                                     25 	.globl _RI
                                     26 	.globl _TI
                                     27 	.globl _RB8
                                     28 	.globl _TB8
                                     29 	.globl _REN
                                     30 	.globl _SM2
                                     31 	.globl _SM1
                                     32 	.globl _SM0
                                     33 	.globl _RXD
                                     34 	.globl _TXD
                                     35 	.globl _INT0
                                     36 	.globl _INT1
                                     37 	.globl _T0
                                     38 	.globl _T1
                                     39 	.globl _WR
                                     40 	.globl _RD
                                     41 	.globl _PX0
                                     42 	.globl _PT0
                                     43 	.globl _PX1
                                     44 	.globl _PT1
                                     45 	.globl _PS
                                     46 	.globl _PT2
                                     47 	.globl _EX0
                                     48 	.globl _ET0
                                     49 	.globl _EX1
                                     50 	.globl _ET1
                                     51 	.globl _ES
                                     52 	.globl _ET2
                                     53 	.globl _EA
                                     54 	.globl _IT0
                                     55 	.globl _IE0
                                     56 	.globl _IT1
                                     57 	.globl _IE1
                                     58 	.globl _TR0
                                     59 	.globl _TF0
                                     60 	.globl _TR1
                                     61 	.globl _TF1
                                     62 	.globl _P
                                     63 	.globl _OV
                                     64 	.globl _RS0
                                     65 	.globl _RS1
                                     66 	.globl _F0
                                     67 	.globl _AC
                                     68 	.globl _CY
                                     69 	.globl _P37
                                     70 	.globl _P36
                                     71 	.globl _P35
                                     72 	.globl _P34
                                     73 	.globl _P33
                                     74 	.globl _P32
                                     75 	.globl _P31
                                     76 	.globl _P30
                                     77 	.globl _P27
                                     78 	.globl _P26
                                     79 	.globl _P25
                                     80 	.globl _P24
                                     81 	.globl _P23
                                     82 	.globl _P22
                                     83 	.globl _P21
                                     84 	.globl _P20
                                     85 	.globl _P17
                                     86 	.globl _P16
                                     87 	.globl _P15
                                     88 	.globl _P14
                                     89 	.globl _P13
                                     90 	.globl _P12
                                     91 	.globl _P11
                                     92 	.globl _P10
                                     93 	.globl _P07
                                     94 	.globl _P06
                                     95 	.globl _P05
                                     96 	.globl _P04
                                     97 	.globl _P03
                                     98 	.globl _P02
                                     99 	.globl _P01
                                    100 	.globl _P00
                                    101 	.globl _TH2
                                    102 	.globl _TL2
                                    103 	.globl _RCAP2H
                                    104 	.globl _RCAP2L
                                    105 	.globl _T2CON
                                    106 	.globl _SBUF
                                    107 	.globl _SCON
                                    108 	.globl _IP
                                    109 	.globl _IE
                                    110 	.globl _TH1
                                    111 	.globl _TH0
                                    112 	.globl _TL1
                                    113 	.globl _TL0
                                    114 	.globl _TMOD
                                    115 	.globl _TCON
                                    116 	.globl _PCON
                                    117 	.globl _DPH
                                    118 	.globl _DPL
                                    119 	.globl _SP
                                    120 	.globl _B
                                    121 	.globl _ACC
                                    122 	.globl _PSW
                                    123 	.globl _P3
                                    124 	.globl _P2
                                    125 	.globl _P1
                                    126 	.globl _P0
                                    127 ;--------------------------------------------------------
                                    128 ; special function registers
                                    129 ;--------------------------------------------------------
                                    130 	.area RSEG    (ABS,DATA)
      000000                        131 	.org 0x0000
                           000080   132 _P0	=	0x0080
                           000090   133 _P1	=	0x0090
                           0000A0   134 _P2	=	0x00a0
                           0000B0   135 _P3	=	0x00b0
                           0000D0   136 _PSW	=	0x00d0
                           0000E0   137 _ACC	=	0x00e0
                           0000F0   138 _B	=	0x00f0
                           000081   139 _SP	=	0x0081
                           000082   140 _DPL	=	0x0082
                           000083   141 _DPH	=	0x0083
                           000087   142 _PCON	=	0x0087
                           000088   143 _TCON	=	0x0088
                           000089   144 _TMOD	=	0x0089
                           00008A   145 _TL0	=	0x008a
                           00008B   146 _TL1	=	0x008b
                           00008C   147 _TH0	=	0x008c
                           00008D   148 _TH1	=	0x008d
                           0000A8   149 _IE	=	0x00a8
                           0000B8   150 _IP	=	0x00b8
                           000098   151 _SCON	=	0x0098
                           000099   152 _SBUF	=	0x0099
                           0000C8   153 _T2CON	=	0x00c8
                           0000CA   154 _RCAP2L	=	0x00ca
                           0000CB   155 _RCAP2H	=	0x00cb
                           0000CC   156 _TL2	=	0x00cc
                           0000CD   157 _TH2	=	0x00cd
                                    158 ;--------------------------------------------------------
                                    159 ; special function bits
                                    160 ;--------------------------------------------------------
                                    161 	.area RSEG    (ABS,DATA)
      000000                        162 	.org 0x0000
                           000080   163 _P00	=	0x0080
                           000081   164 _P01	=	0x0081
                           000082   165 _P02	=	0x0082
                           000083   166 _P03	=	0x0083
                           000084   167 _P04	=	0x0084
                           000085   168 _P05	=	0x0085
                           000086   169 _P06	=	0x0086
                           000087   170 _P07	=	0x0087
                           000090   171 _P10	=	0x0090
                           000091   172 _P11	=	0x0091
                           000092   173 _P12	=	0x0092
                           000093   174 _P13	=	0x0093
                           000094   175 _P14	=	0x0094
                           000095   176 _P15	=	0x0095
                           000096   177 _P16	=	0x0096
                           000097   178 _P17	=	0x0097
                           0000A0   179 _P20	=	0x00a0
                           0000A1   180 _P21	=	0x00a1
                           0000A2   181 _P22	=	0x00a2
                           0000A3   182 _P23	=	0x00a3
                           0000A4   183 _P24	=	0x00a4
                           0000A5   184 _P25	=	0x00a5
                           0000A6   185 _P26	=	0x00a6
                           0000A7   186 _P27	=	0x00a7
                           0000B0   187 _P30	=	0x00b0
                           0000B1   188 _P31	=	0x00b1
                           0000B2   189 _P32	=	0x00b2
                           0000B3   190 _P33	=	0x00b3
                           0000B4   191 _P34	=	0x00b4
                           0000B5   192 _P35	=	0x00b5
                           0000B6   193 _P36	=	0x00b6
                           0000B7   194 _P37	=	0x00b7
                           0000D7   195 _CY	=	0x00d7
                           0000D6   196 _AC	=	0x00d6
                           0000D5   197 _F0	=	0x00d5
                           0000D4   198 _RS1	=	0x00d4
                           0000D3   199 _RS0	=	0x00d3
                           0000D2   200 _OV	=	0x00d2
                           0000D0   201 _P	=	0x00d0
                           00008F   202 _TF1	=	0x008f
                           00008E   203 _TR1	=	0x008e
                           00008D   204 _TF0	=	0x008d
                           00008C   205 _TR0	=	0x008c
                           00008B   206 _IE1	=	0x008b
                           00008A   207 _IT1	=	0x008a
                           000089   208 _IE0	=	0x0089
                           000088   209 _IT0	=	0x0088
                           0000AF   210 _EA	=	0x00af
                           0000AD   211 _ET2	=	0x00ad
                           0000AC   212 _ES	=	0x00ac
                           0000AB   213 _ET1	=	0x00ab
                           0000AA   214 _EX1	=	0x00aa
                           0000A9   215 _ET0	=	0x00a9
                           0000A8   216 _EX0	=	0x00a8
                           0000BD   217 _PT2	=	0x00bd
                           0000BC   218 _PS	=	0x00bc
                           0000BB   219 _PT1	=	0x00bb
                           0000BA   220 _PX1	=	0x00ba
                           0000B9   221 _PT0	=	0x00b9
                           0000B8   222 _PX0	=	0x00b8
                           0000B7   223 _RD	=	0x00b7
                           0000B6   224 _WR	=	0x00b6
                           0000B5   225 _T1	=	0x00b5
                           0000B4   226 _T0	=	0x00b4
                           0000B3   227 _INT1	=	0x00b3
                           0000B2   228 _INT0	=	0x00b2
                           0000B1   229 _TXD	=	0x00b1
                           0000B0   230 _RXD	=	0x00b0
                           00009F   231 _SM0	=	0x009f
                           00009E   232 _SM1	=	0x009e
                           00009D   233 _SM2	=	0x009d
                           00009C   234 _REN	=	0x009c
                           00009B   235 _TB8	=	0x009b
                           00009A   236 _RB8	=	0x009a
                           000099   237 _TI	=	0x0099
                           000098   238 _RI	=	0x0098
                           000091   239 _T2EX	=	0x0091
                           000090   240 _T2	=	0x0090
                           0000CF   241 _TF2	=	0x00cf
                           0000CE   242 _EXF2	=	0x00ce
                           0000CD   243 _RCLK	=	0x00cd
                           0000CC   244 _TCLK	=	0x00cc
                           0000CB   245 _EXEN2	=	0x00cb
                           0000CA   246 _TR2	=	0x00ca
                           0000C9   247 _C_T2	=	0x00c9
                           0000C8   248 _CP_RL2	=	0x00c8
                                    249 ;--------------------------------------------------------
                                    250 ; overlayable register banks
                                    251 ;--------------------------------------------------------
                                    252 	.area REG_BANK_0	(REL,OVR,DATA)
      000000                        253 	.ds 8
                                    254 ;--------------------------------------------------------
                                    255 ; internal ram data
                                    256 ;--------------------------------------------------------
                                    257 	.area DSEG    (DATA)
                                    258 ;--------------------------------------------------------
                                    259 ; overlayable items in internal ram
                                    260 ;--------------------------------------------------------
                                    261 ;--------------------------------------------------------
                                    262 ; indirectly addressable internal ram data
                                    263 ;--------------------------------------------------------
                                    264 	.area ISEG    (DATA)
                                    265 ;--------------------------------------------------------
                                    266 ; absolute internal ram data
                                    267 ;--------------------------------------------------------
                                    268 	.area IABS    (ABS,DATA)
                                    269 	.area IABS    (ABS,DATA)
                                    270 ;--------------------------------------------------------
                                    271 ; bit data
                                    272 ;--------------------------------------------------------
                                    273 	.area BSEG    (BIT)
                                    274 ;--------------------------------------------------------
                                    275 ; paged external ram data
                                    276 ;--------------------------------------------------------
                                    277 	.area PSEG    (PAG,XDATA)
                                    278 ;--------------------------------------------------------
                                    279 ; external ram data
                                    280 ;--------------------------------------------------------
                                    281 	.area XSEG    (XDATA)
                                    282 ;--------------------------------------------------------
                                    283 ; absolute external ram data
                                    284 ;--------------------------------------------------------
                                    285 	.area XABS    (ABS,XDATA)
                                    286 ;--------------------------------------------------------
                                    287 ; external initialized ram data
                                    288 ;--------------------------------------------------------
                                    289 	.area XISEG   (XDATA)
                                    290 	.area HOME    (CODE)
                                    291 	.area GSINIT0 (CODE)
                                    292 	.area GSINIT1 (CODE)
                                    293 	.area GSINIT2 (CODE)
                                    294 	.area GSINIT3 (CODE)
                                    295 	.area GSINIT4 (CODE)
                                    296 	.area GSINIT5 (CODE)
                                    297 	.area GSINIT  (CODE)
                                    298 	.area GSFINAL (CODE)
                                    299 	.area CSEG    (CODE)
                                    300 ;--------------------------------------------------------
                                    301 ; global & static initialisations
                                    302 ;--------------------------------------------------------
                                    303 	.area HOME    (CODE)
                                    304 	.area GSINIT  (CODE)
                                    305 	.area GSFINAL (CODE)
                                    306 	.area GSINIT  (CODE)
                                    307 ;--------------------------------------------------------
                                    308 ; Home
                                    309 ;--------------------------------------------------------
                                    310 	.area HOME    (CODE)
                                    311 	.area HOME    (CODE)
                                    312 ;--------------------------------------------------------
                                    313 ; code
                                    314 ;--------------------------------------------------------
                                    315 	.area CSEG    (CODE)
                                    316 ;------------------------------------------------------------
                                    317 ;Allocation info for local variables in function 'alartScreen'
                                    318 ;------------------------------------------------------------
                                    319 ;text                      Allocated to registers r5 r6 r7 
                                    320 ;cur                       Allocated to registers 
                                    321 ;------------------------------------------------------------
                                    322 ;	.\src\screens\alartScreen.c:4: void alartScreen(unsigned char text[]) {
                                    323 ;	-----------------------------------------
                                    324 ;	 function alartScreen
                                    325 ;	-----------------------------------------
      000000                        326 _alartScreen:
                           000007   327 	ar7 = 0x07
                           000006   328 	ar6 = 0x06
                           000005   329 	ar5 = 0x05
                           000004   330 	ar4 = 0x04
                           000003   331 	ar3 = 0x03
                           000002   332 	ar2 = 0x02
                           000001   333 	ar1 = 0x01
                           000000   334 	ar0 = 0x00
      000000 AD 82            [24]  335 	mov	r5,dpl
      000002 AE 83            [24]  336 	mov	r6,dph
      000004 AF F0            [24]  337 	mov	r7,b
                                    338 ;	.\src\screens\alartScreen.c:7: clearLineInLCD1602(0);
      000006 75 82 00         [24]  339 	mov	dpl,#0x00
      000009 C0 07            [24]  340 	push	ar7
      00000B C0 06            [24]  341 	push	ar6
      00000D C0 05            [24]  342 	push	ar5
      00000F 12r00r00         [24]  343 	lcall	_clearLineInLCD1602
                                    344 ;	.\src\screens\alartScreen.c:8: clearLineInLCD1602(1);
      000012 75 82 01         [24]  345 	mov	dpl,#0x01
      000015 12r00r00         [24]  346 	lcall	_clearLineInLCD1602
      000018 D0 05            [24]  347 	pop	ar5
      00001A D0 06            [24]  348 	pop	ar6
      00001C D0 07            [24]  349 	pop	ar7
                                    350 ;	.\src\screens\alartScreen.c:12: putStringOnLCD1602(0, cur, text);
      00001E 75*00 03         [24]  351 	mov	_putStringOnLCD1602_PARM_2,#0x03
      000021 8D*00            [24]  352 	mov	_putStringOnLCD1602_PARM_3,r5
      000023 8E*01            [24]  353 	mov	(_putStringOnLCD1602_PARM_3 + 1),r6
      000025 8F*02            [24]  354 	mov	(_putStringOnLCD1602_PARM_3 + 2),r7
      000027 75 82 00         [24]  355 	mov	dpl,#0x00
      00002A 12r00r00         [24]  356 	lcall	_putStringOnLCD1602
                                    357 ;	.\src\screens\alartScreen.c:13: delayOneMillisecond(300);
      00002D 90 01 2C         [24]  358 	mov	dptr,#0x012c
                                    359 ;	.\src\screens\alartScreen.c:14: }
      000030 02r00r00         [24]  360 	ljmp	_delayOneMillisecond
                                    361 	.area CSEG    (CODE)
                                    362 	.area CONST   (CODE)
                                    363 	.area XINIT   (CODE)
                                    364 	.area CABS    (ABS,CODE)
