                                      1 ;--------------------------------------------------------
                                      2 ; File Created by SDCC : free open source ANSI-C Compiler
                                      3 ; Version 4.2.0 #13081 (MINGW64)
                                      4 ;--------------------------------------------------------
                                      5 	.module mainScreen
                                      6 	.optsdcc -mmcs51 --model-small
                                      7 	
                                      8 ;--------------------------------------------------------
                                      9 ; Public variables in this module
                                     10 ;--------------------------------------------------------
                                     11 	.globl _prepareReadTemperature
                                     12 	.globl _putStringOnLCD1602
                                     13 	.globl _readAT24C02
                                     14 	.globl _getTemperatureOfDS18B20
                                     15 	.globl _CP_RL2
                                     16 	.globl _C_T2
                                     17 	.globl _TR2
                                     18 	.globl _EXEN2
                                     19 	.globl _TCLK
                                     20 	.globl _RCLK
                                     21 	.globl _EXF2
                                     22 	.globl _TF2
                                     23 	.globl _T2
                                     24 	.globl _T2EX
                                     25 	.globl _RI
                                     26 	.globl _TI
                                     27 	.globl _RB8
                                     28 	.globl _TB8
                                     29 	.globl _REN
                                     30 	.globl _SM2
                                     31 	.globl _SM1
                                     32 	.globl _SM0
                                     33 	.globl _RXD
                                     34 	.globl _TXD
                                     35 	.globl _INT0
                                     36 	.globl _INT1
                                     37 	.globl _T0
                                     38 	.globl _T1
                                     39 	.globl _WR
                                     40 	.globl _RD
                                     41 	.globl _PX0
                                     42 	.globl _PT0
                                     43 	.globl _PX1
                                     44 	.globl _PT1
                                     45 	.globl _PS
                                     46 	.globl _PT2
                                     47 	.globl _EX0
                                     48 	.globl _ET0
                                     49 	.globl _EX1
                                     50 	.globl _ET1
                                     51 	.globl _ES
                                     52 	.globl _ET2
                                     53 	.globl _EA
                                     54 	.globl _IT0
                                     55 	.globl _IE0
                                     56 	.globl _IT1
                                     57 	.globl _IE1
                                     58 	.globl _TR0
                                     59 	.globl _TF0
                                     60 	.globl _TR1
                                     61 	.globl _TF1
                                     62 	.globl _P
                                     63 	.globl _OV
                                     64 	.globl _RS0
                                     65 	.globl _RS1
                                     66 	.globl _F0
                                     67 	.globl _AC
                                     68 	.globl _CY
                                     69 	.globl _P37
                                     70 	.globl _P36
                                     71 	.globl _P35
                                     72 	.globl _P34
                                     73 	.globl _P33
                                     74 	.globl _P32
                                     75 	.globl _P31
                                     76 	.globl _P30
                                     77 	.globl _P27
                                     78 	.globl _P26
                                     79 	.globl _P25
                                     80 	.globl _P24
                                     81 	.globl _P23
                                     82 	.globl _P22
                                     83 	.globl _P21
                                     84 	.globl _P20
                                     85 	.globl _P17
                                     86 	.globl _P16
                                     87 	.globl _P15
                                     88 	.globl _P14
                                     89 	.globl _P13
                                     90 	.globl _P12
                                     91 	.globl _P11
                                     92 	.globl _P10
                                     93 	.globl _P07
                                     94 	.globl _P06
                                     95 	.globl _P05
                                     96 	.globl _P04
                                     97 	.globl _P03
                                     98 	.globl _P02
                                     99 	.globl _P01
                                    100 	.globl _P00
                                    101 	.globl _TH2
                                    102 	.globl _TL2
                                    103 	.globl _RCAP2H
                                    104 	.globl _RCAP2L
                                    105 	.globl _T2CON
                                    106 	.globl _SBUF
                                    107 	.globl _SCON
                                    108 	.globl _IP
                                    109 	.globl _IE
                                    110 	.globl _TH1
                                    111 	.globl _TH0
                                    112 	.globl _TL1
                                    113 	.globl _TL0
                                    114 	.globl _TMOD
                                    115 	.globl _TCON
                                    116 	.globl _PCON
                                    117 	.globl _DPH
                                    118 	.globl _DPL
                                    119 	.globl _SP
                                    120 	.globl _B
                                    121 	.globl _ACC
                                    122 	.globl _PSW
                                    123 	.globl _P3
                                    124 	.globl _P2
                                    125 	.globl _P1
                                    126 	.globl _P0
                                    127 	.globl _mainScreen
                                    128 ;--------------------------------------------------------
                                    129 ; special function registers
                                    130 ;--------------------------------------------------------
                                    131 	.area RSEG    (ABS,DATA)
      000000                        132 	.org 0x0000
                           000080   133 _P0	=	0x0080
                           000090   134 _P1	=	0x0090
                           0000A0   135 _P2	=	0x00a0
                           0000B0   136 _P3	=	0x00b0
                           0000D0   137 _PSW	=	0x00d0
                           0000E0   138 _ACC	=	0x00e0
                           0000F0   139 _B	=	0x00f0
                           000081   140 _SP	=	0x0081
                           000082   141 _DPL	=	0x0082
                           000083   142 _DPH	=	0x0083
                           000087   143 _PCON	=	0x0087
                           000088   144 _TCON	=	0x0088
                           000089   145 _TMOD	=	0x0089
                           00008A   146 _TL0	=	0x008a
                           00008B   147 _TL1	=	0x008b
                           00008C   148 _TH0	=	0x008c
                           00008D   149 _TH1	=	0x008d
                           0000A8   150 _IE	=	0x00a8
                           0000B8   151 _IP	=	0x00b8
                           000098   152 _SCON	=	0x0098
                           000099   153 _SBUF	=	0x0099
                           0000C8   154 _T2CON	=	0x00c8
                           0000CA   155 _RCAP2L	=	0x00ca
                           0000CB   156 _RCAP2H	=	0x00cb
                           0000CC   157 _TL2	=	0x00cc
                           0000CD   158 _TH2	=	0x00cd
                                    159 ;--------------------------------------------------------
                                    160 ; special function bits
                                    161 ;--------------------------------------------------------
                                    162 	.area RSEG    (ABS,DATA)
      000000                        163 	.org 0x0000
                           000080   164 _P00	=	0x0080
                           000081   165 _P01	=	0x0081
                           000082   166 _P02	=	0x0082
                           000083   167 _P03	=	0x0083
                           000084   168 _P04	=	0x0084
                           000085   169 _P05	=	0x0085
                           000086   170 _P06	=	0x0086
                           000087   171 _P07	=	0x0087
                           000090   172 _P10	=	0x0090
                           000091   173 _P11	=	0x0091
                           000092   174 _P12	=	0x0092
                           000093   175 _P13	=	0x0093
                           000094   176 _P14	=	0x0094
                           000095   177 _P15	=	0x0095
                           000096   178 _P16	=	0x0096
                           000097   179 _P17	=	0x0097
                           0000A0   180 _P20	=	0x00a0
                           0000A1   181 _P21	=	0x00a1
                           0000A2   182 _P22	=	0x00a2
                           0000A3   183 _P23	=	0x00a3
                           0000A4   184 _P24	=	0x00a4
                           0000A5   185 _P25	=	0x00a5
                           0000A6   186 _P26	=	0x00a6
                           0000A7   187 _P27	=	0x00a7
                           0000B0   188 _P30	=	0x00b0
                           0000B1   189 _P31	=	0x00b1
                           0000B2   190 _P32	=	0x00b2
                           0000B3   191 _P33	=	0x00b3
                           0000B4   192 _P34	=	0x00b4
                           0000B5   193 _P35	=	0x00b5
                           0000B6   194 _P36	=	0x00b6
                           0000B7   195 _P37	=	0x00b7
                           0000D7   196 _CY	=	0x00d7
                           0000D6   197 _AC	=	0x00d6
                           0000D5   198 _F0	=	0x00d5
                           0000D4   199 _RS1	=	0x00d4
                           0000D3   200 _RS0	=	0x00d3
                           0000D2   201 _OV	=	0x00d2
                           0000D0   202 _P	=	0x00d0
                           00008F   203 _TF1	=	0x008f
                           00008E   204 _TR1	=	0x008e
                           00008D   205 _TF0	=	0x008d
                           00008C   206 _TR0	=	0x008c
                           00008B   207 _IE1	=	0x008b
                           00008A   208 _IT1	=	0x008a
                           000089   209 _IE0	=	0x0089
                           000088   210 _IT0	=	0x0088
                           0000AF   211 _EA	=	0x00af
                           0000AD   212 _ET2	=	0x00ad
                           0000AC   213 _ES	=	0x00ac
                           0000AB   214 _ET1	=	0x00ab
                           0000AA   215 _EX1	=	0x00aa
                           0000A9   216 _ET0	=	0x00a9
                           0000A8   217 _EX0	=	0x00a8
                           0000BD   218 _PT2	=	0x00bd
                           0000BC   219 _PS	=	0x00bc
                           0000BB   220 _PT1	=	0x00bb
                           0000BA   221 _PX1	=	0x00ba
                           0000B9   222 _PT0	=	0x00b9
                           0000B8   223 _PX0	=	0x00b8
                           0000B7   224 _RD	=	0x00b7
                           0000B6   225 _WR	=	0x00b6
                           0000B5   226 _T1	=	0x00b5
                           0000B4   227 _T0	=	0x00b4
                           0000B3   228 _INT1	=	0x00b3
                           0000B2   229 _INT0	=	0x00b2
                           0000B1   230 _TXD	=	0x00b1
                           0000B0   231 _RXD	=	0x00b0
                           00009F   232 _SM0	=	0x009f
                           00009E   233 _SM1	=	0x009e
                           00009D   234 _SM2	=	0x009d
                           00009C   235 _REN	=	0x009c
                           00009B   236 _TB8	=	0x009b
                           00009A   237 _RB8	=	0x009a
                           000099   238 _TI	=	0x0099
                           000098   239 _RI	=	0x0098
                           000091   240 _T2EX	=	0x0091
                           000090   241 _T2	=	0x0090
                           0000CF   242 _TF2	=	0x00cf
                           0000CE   243 _EXF2	=	0x00ce
                           0000CD   244 _RCLK	=	0x00cd
                           0000CC   245 _TCLK	=	0x00cc
                           0000CB   246 _EXEN2	=	0x00cb
                           0000CA   247 _TR2	=	0x00ca
                           0000C9   248 _C_T2	=	0x00c9
                           0000C8   249 _CP_RL2	=	0x00c8
                                    250 ;--------------------------------------------------------
                                    251 ; overlayable register banks
                                    252 ;--------------------------------------------------------
                                    253 	.area REG_BANK_0	(REL,OVR,DATA)
      000000                        254 	.ds 8
                                    255 ;--------------------------------------------------------
                                    256 ; internal ram data
                                    257 ;--------------------------------------------------------
                                    258 	.area DSEG    (DATA)
                                    259 ;--------------------------------------------------------
                                    260 ; overlayable items in internal ram
                                    261 ;--------------------------------------------------------
                                    262 ;--------------------------------------------------------
                                    263 ; indirectly addressable internal ram data
                                    264 ;--------------------------------------------------------
                                    265 	.area ISEG    (DATA)
                                    266 ;--------------------------------------------------------
                                    267 ; absolute internal ram data
                                    268 ;--------------------------------------------------------
                                    269 	.area IABS    (ABS,DATA)
                                    270 	.area IABS    (ABS,DATA)
                                    271 ;--------------------------------------------------------
                                    272 ; bit data
                                    273 ;--------------------------------------------------------
                                    274 	.area BSEG    (BIT)
      000000                        275 _mainScreen_sloc0_1_0:
      000000                        276 	.ds 1
                                    277 ;--------------------------------------------------------
                                    278 ; paged external ram data
                                    279 ;--------------------------------------------------------
                                    280 	.area PSEG    (PAG,XDATA)
                                    281 ;--------------------------------------------------------
                                    282 ; external ram data
                                    283 ;--------------------------------------------------------
                                    284 	.area XSEG    (XDATA)
                                    285 ;--------------------------------------------------------
                                    286 ; absolute external ram data
                                    287 ;--------------------------------------------------------
                                    288 	.area XABS    (ABS,XDATA)
                                    289 ;--------------------------------------------------------
                                    290 ; external initialized ram data
                                    291 ;--------------------------------------------------------
                                    292 	.area XISEG   (XDATA)
                                    293 	.area HOME    (CODE)
                                    294 	.area GSINIT0 (CODE)
                                    295 	.area GSINIT1 (CODE)
                                    296 	.area GSINIT2 (CODE)
                                    297 	.area GSINIT3 (CODE)
                                    298 	.area GSINIT4 (CODE)
                                    299 	.area GSINIT5 (CODE)
                                    300 	.area GSINIT  (CODE)
                                    301 	.area GSFINAL (CODE)
                                    302 	.area CSEG    (CODE)
                                    303 ;--------------------------------------------------------
                                    304 ; global & static initialisations
                                    305 ;--------------------------------------------------------
                                    306 	.area HOME    (CODE)
                                    307 	.area GSINIT  (CODE)
                                    308 	.area GSFINAL (CODE)
                                    309 	.area GSINIT  (CODE)
                                    310 ;--------------------------------------------------------
                                    311 ; Home
                                    312 ;--------------------------------------------------------
                                    313 	.area HOME    (CODE)
                                    314 	.area HOME    (CODE)
                                    315 ;--------------------------------------------------------
                                    316 ; code
                                    317 ;--------------------------------------------------------
                                    318 	.area CSEG    (CODE)
                                    319 ;------------------------------------------------------------
                                    320 ;Allocation info for local variables in function 'mainScreen'
                                    321 ;------------------------------------------------------------
                                    322 ;temp                      Allocated to registers r6 r7 
                                    323 ;------------------------------------------------------------
                                    324 ;	.\src\screens\mainScreen.c:4: void mainScreen() {
                                    325 ;	-----------------------------------------
                                    326 ;	 function mainScreen
                                    327 ;	-----------------------------------------
      000000                        328 _mainScreen:
                           000007   329 	ar7 = 0x07
                           000006   330 	ar6 = 0x06
                           000005   331 	ar5 = 0x05
                           000004   332 	ar4 = 0x04
                           000003   333 	ar3 = 0x03
                           000002   334 	ar2 = 0x02
                           000001   335 	ar1 = 0x01
                           000000   336 	ar0 = 0x00
                                    337 ;	.\src\screens\mainScreen.c:8: prepareReadTemperature(readAT24C02(0x00), onScreenHighestTemperature, &highestTemperature);
      000000 75 82 00         [24]  338 	mov	dpl,#0x00
      000003 12r00r00         [24]  339 	lcall	_readAT24C02
      000006 85*00*00         [24]  340 	mov	_prepareReadTemperature_PARM_2,_onScreenHighestTemperature
      000009 85*01*01         [24]  341 	mov	(_prepareReadTemperature_PARM_2 + 1),(_onScreenHighestTemperature + 1)
      00000C 75*02 00         [24]  342 	mov	(_prepareReadTemperature_PARM_2 + 2),#0x00
      00000F 75*00r00         [24]  343 	mov	_prepareReadTemperature_PARM_3,#_highestTemperature
      000012 75*01 00         [24]  344 	mov	(_prepareReadTemperature_PARM_3 + 1),#0x00
      000015 75*02 40         [24]  345 	mov	(_prepareReadTemperature_PARM_3 + 2),#0x40
      000018 12r00r00         [24]  346 	lcall	_prepareReadTemperature
                                    347 ;	.\src\screens\mainScreen.c:9: prepareReadTemperature(readAT24C02(0x01), onScreenLowestTemperature, &lowestTemperature);
      00001B 75 82 01         [24]  348 	mov	dpl,#0x01
      00001E 12r00r00         [24]  349 	lcall	_readAT24C02
      000021 85*00*00         [24]  350 	mov	_prepareReadTemperature_PARM_2,_onScreenLowestTemperature
      000024 85*01*01         [24]  351 	mov	(_prepareReadTemperature_PARM_2 + 1),(_onScreenLowestTemperature + 1)
      000027 75*02 00         [24]  352 	mov	(_prepareReadTemperature_PARM_2 + 2),#0x00
      00002A 75*00r00         [24]  353 	mov	_prepareReadTemperature_PARM_3,#_lowestTemperature
      00002D 75*01 00         [24]  354 	mov	(_prepareReadTemperature_PARM_3 + 1),#0x00
      000030 75*02 40         [24]  355 	mov	(_prepareReadTemperature_PARM_3 + 2),#0x40
      000033 12r00r00         [24]  356 	lcall	_prepareReadTemperature
                                    357 ;	.\src\screens\mainScreen.c:11: getTemperatureOfDS18B20(onScreenCurrentTemperature, &currentTemperature);
      000036 AD*00            [24]  358 	mov	r5,_onScreenCurrentTemperature
      000038 AE*01            [24]  359 	mov	r6,(_onScreenCurrentTemperature + 1)
      00003A 7F 00            [12]  360 	mov	r7,#0x00
      00003C 75*00r00         [24]  361 	mov	_getTemperatureOfDS18B20_PARM_2,#_currentTemperature
                                    362 ;	1-genFromRTrack replaced	mov	(_getTemperatureOfDS18B20_PARM_2 + 1),#0x00
      00003F 8F*01            [24]  363 	mov	(_getTemperatureOfDS18B20_PARM_2 + 1),r7
      000041 75*02 40         [24]  364 	mov	(_getTemperatureOfDS18B20_PARM_2 + 2),#0x40
      000044 8D 82            [24]  365 	mov	dpl,r5
      000046 8E 83            [24]  366 	mov	dph,r6
      000048 8F F0            [24]  367 	mov	b,r7
      00004A 12r00r00         [24]  368 	lcall	_getTemperatureOfDS18B20
                                    369 ;	.\src\screens\mainScreen.c:13: *onScreenFanLevel = (unsigned char)('0' + fanLevel);
      00004D 85*00 82         [24]  370 	mov	dpl,_onScreenFanLevel
      000050 85*01 83         [24]  371 	mov	dph,(_onScreenFanLevel + 1)
      000053 AF*00            [24]  372 	mov	r7,_fanLevel
      000055 74 30            [12]  373 	mov	a,#0x30
      000057 2F               [12]  374 	add	a,r7
      000058 F0               [24]  375 	movx	@dptr,a
                                    376 ;	.\src\screens\mainScreen.c:16: LED = !(currentTemperature < lowestTemperature);
      000059 85*00 82         [24]  377 	mov	dpl,_lowestTemperature
      00005C 85*01 83         [24]  378 	mov	dph,(_lowestTemperature + 1)
      00005F 12r00r00         [24]  379 	lcall	___sint2fs
      000062 AC 82            [24]  380 	mov	r4,dpl
      000064 AD 83            [24]  381 	mov	r5,dph
      000066 AE F0            [24]  382 	mov	r6,b
      000068 FF               [12]  383 	mov	r7,a
      000069 C0 04            [24]  384 	push	ar4
      00006B C0 05            [24]  385 	push	ar5
      00006D C0 06            [24]  386 	push	ar6
      00006F C0 07            [24]  387 	push	ar7
      000071 85*00 82         [24]  388 	mov	dpl,_currentTemperature
      000074 85*01 83         [24]  389 	mov	dph,(_currentTemperature + 1)
      000077 85*02 F0         [24]  390 	mov	b,(_currentTemperature + 2)
      00007A E5*03            [12]  391 	mov	a,(_currentTemperature + 3)
      00007C 12r00r00         [24]  392 	lcall	___fslt
      00007F E5 81            [12]  393 	mov	a,sp
      000081 24 FC            [12]  394 	add	a,#0xfc
      000083 F5 81            [12]  395 	mov	sp,a
      000085 E5 82            [12]  396 	mov	a,dpl
      000087 24 FF            [12]  397 	add	a,#0xff
      000089 B3               [12]  398 	cpl	c
      00008A 92*00            [24]  399 	mov	_mainScreen_sloc0_1_0,c
      00008C E4               [12]  400 	clr	a
      00008D 33               [12]  401 	rlc	a
      00008E 24 FF            [12]  402 	add	a,#0xff
      000090 92 A0            [24]  403 	mov	_P20,c
                                    404 ;	.\src\screens\mainScreen.c:20: temp = currentTemperature - highestTemperature;
      000092 85*00 82         [24]  405 	mov	dpl,_highestTemperature
      000095 85*01 83         [24]  406 	mov	dph,(_highestTemperature + 1)
      000098 12r00r00         [24]  407 	lcall	___sint2fs
      00009B AC 82            [24]  408 	mov	r4,dpl
      00009D AD 83            [24]  409 	mov	r5,dph
      00009F AE F0            [24]  410 	mov	r6,b
      0000A1 FF               [12]  411 	mov	r7,a
      0000A2 C0 04            [24]  412 	push	ar4
      0000A4 C0 05            [24]  413 	push	ar5
      0000A6 C0 06            [24]  414 	push	ar6
      0000A8 C0 07            [24]  415 	push	ar7
      0000AA 85*00 82         [24]  416 	mov	dpl,_currentTemperature
      0000AD 85*01 83         [24]  417 	mov	dph,(_currentTemperature + 1)
      0000B0 85*02 F0         [24]  418 	mov	b,(_currentTemperature + 2)
      0000B3 E5*03            [12]  419 	mov	a,(_currentTemperature + 3)
      0000B5 12r00r00         [24]  420 	lcall	___fssub
      0000B8 AC 82            [24]  421 	mov	r4,dpl
      0000BA AD 83            [24]  422 	mov	r5,dph
      0000BC AE F0            [24]  423 	mov	r6,b
      0000BE FF               [12]  424 	mov	r7,a
      0000BF E5 81            [12]  425 	mov	a,sp
      0000C1 24 FC            [12]  426 	add	a,#0xfc
      0000C3 F5 81            [12]  427 	mov	sp,a
      0000C5 8C 82            [24]  428 	mov	dpl,r4
      0000C7 8D 83            [24]  429 	mov	dph,r5
      0000C9 8E F0            [24]  430 	mov	b,r6
      0000CB EF               [12]  431 	mov	a,r7
      0000CC 12r00r00         [24]  432 	lcall	___fs2sint
      0000CF AE 82            [24]  433 	mov	r6,dpl
      0000D1 AF 83            [24]  434 	mov	r7,dph
                                    435 ;	.\src\screens\mainScreen.c:21: if (temp >= 6) {
      0000D3 C3               [12]  436 	clr	c
      0000D4 EE               [12]  437 	mov	a,r6
      0000D5 94 06            [12]  438 	subb	a,#0x06
      0000D7 EF               [12]  439 	mov	a,r7
      0000D8 64 80            [12]  440 	xrl	a,#0x80
      0000DA 94 80            [12]  441 	subb	a,#0x80
      0000DC 40 11            [24]  442 	jc	00108$
                                    443 ;	.\src\screens\mainScreen.c:22: fanLevel = 3;
      0000DE 75*00 03         [24]  444 	mov	_fanLevel,#0x03
                                    445 ;	.\src\screens\mainScreen.c:23: fanState[0] = 1;
      0000E1 75*00 01         [24]  446 	mov	_fanState,#0x01
                                    447 ;	.\src\screens\mainScreen.c:24: fanState[1] = 1;
      0000E4 75*01 01         [24]  448 	mov	(_fanState + 0x0001),#0x01
                                    449 ;	.\src\screens\mainScreen.c:25: fanState[2] = 1;
      0000E7 75*02 01         [24]  450 	mov	(_fanState + 0x0002),#0x01
                                    451 ;	.\src\screens\mainScreen.c:26: fanState[3] = 1;
      0000EA 75*03 01         [24]  452 	mov	(_fanState + 0x0003),#0x01
      0000ED 80 47            [24]  453 	sjmp	00109$
      0000EF                        454 00108$:
                                    455 ;	.\src\screens\mainScreen.c:27: } else if (temp >= 4) {
      0000EF C3               [12]  456 	clr	c
      0000F0 EE               [12]  457 	mov	a,r6
      0000F1 94 04            [12]  458 	subb	a,#0x04
      0000F3 EF               [12]  459 	mov	a,r7
      0000F4 64 80            [12]  460 	xrl	a,#0x80
      0000F6 94 80            [12]  461 	subb	a,#0x80
      0000F8 40 11            [24]  462 	jc	00105$
                                    463 ;	.\src\screens\mainScreen.c:28: fanLevel = 2;
      0000FA 75*00 02         [24]  464 	mov	_fanLevel,#0x02
                                    465 ;	.\src\screens\mainScreen.c:29: fanState[0] = 1;
      0000FD 75*00 01         [24]  466 	mov	_fanState,#0x01
                                    467 ;	.\src\screens\mainScreen.c:30: fanState[1] = 1;
      000100 75*01 01         [24]  468 	mov	(_fanState + 0x0001),#0x01
                                    469 ;	.\src\screens\mainScreen.c:31: fanState[2] = 1;
      000103 75*02 01         [24]  470 	mov	(_fanState + 0x0002),#0x01
                                    471 ;	.\src\screens\mainScreen.c:32: fanState[3] = 0;
      000106 75*03 00         [24]  472 	mov	(_fanState + 0x0003),#0x00
      000109 80 2B            [24]  473 	sjmp	00109$
      00010B                        474 00105$:
                                    475 ;	.\src\screens\mainScreen.c:33: } else if (temp >= 2) {
      00010B C3               [12]  476 	clr	c
      00010C EE               [12]  477 	mov	a,r6
      00010D 94 02            [12]  478 	subb	a,#0x02
      00010F EF               [12]  479 	mov	a,r7
      000110 64 80            [12]  480 	xrl	a,#0x80
      000112 94 80            [12]  481 	subb	a,#0x80
      000114 40 11            [24]  482 	jc	00102$
                                    483 ;	.\src\screens\mainScreen.c:34: fanLevel = 1;
      000116 75*00 01         [24]  484 	mov	_fanLevel,#0x01
                                    485 ;	.\src\screens\mainScreen.c:35: fanState[0] = 1;
      000119 75*00 01         [24]  486 	mov	_fanState,#0x01
                                    487 ;	.\src\screens\mainScreen.c:36: fanState[1] = 1;
      00011C 75*01 01         [24]  488 	mov	(_fanState + 0x0001),#0x01
                                    489 ;	.\src\screens\mainScreen.c:37: fanState[2] = 0;
      00011F 75*02 00         [24]  490 	mov	(_fanState + 0x0002),#0x00
                                    491 ;	.\src\screens\mainScreen.c:38: fanState[3] = 0;
      000122 75*03 00         [24]  492 	mov	(_fanState + 0x0003),#0x00
      000125 80 0F            [24]  493 	sjmp	00109$
      000127                        494 00102$:
                                    495 ;	.\src\screens\mainScreen.c:40: fanLevel = 0;
      000127 75*00 00         [24]  496 	mov	_fanLevel,#0x00
                                    497 ;	.\src\screens\mainScreen.c:41: fanState[0] = 0;
      00012A 75*00 00         [24]  498 	mov	_fanState,#0x00
                                    499 ;	.\src\screens\mainScreen.c:42: fanState[1] = 0;
      00012D 75*01 00         [24]  500 	mov	(_fanState + 0x0001),#0x00
                                    501 ;	.\src\screens\mainScreen.c:43: fanState[2] = 0;
      000130 75*02 00         [24]  502 	mov	(_fanState + 0x0002),#0x00
                                    503 ;	.\src\screens\mainScreen.c:44: fanState[3] = 0;
      000133 75*03 00         [24]  504 	mov	(_fanState + 0x0003),#0x00
      000136                        505 00109$:
                                    506 ;	.\src\screens\mainScreen.c:48: putStringOnLCD1602(0, 0, firstLine);
      000136 75*00r00         [24]  507 	mov	_putStringOnLCD1602_PARM_3,#_firstLine
      000139 75*01s00         [24]  508 	mov	(_putStringOnLCD1602_PARM_3 + 1),#(_firstLine >> 8)
      00013C 75*02 00         [24]  509 	mov	(_putStringOnLCD1602_PARM_3 + 2),#0x00
      00013F 75*00 00         [24]  510 	mov	_putStringOnLCD1602_PARM_2,#0x00
      000142 75 82 00         [24]  511 	mov	dpl,#0x00
      000145 12r00r00         [24]  512 	lcall	_putStringOnLCD1602
                                    513 ;	.\src\screens\mainScreen.c:49: putStringOnLCD1602(1, 0, secondLine);
      000148 75*00r00         [24]  514 	mov	_putStringOnLCD1602_PARM_3,#_secondLine
      00014B 75*01s00         [24]  515 	mov	(_putStringOnLCD1602_PARM_3 + 1),#(_secondLine >> 8)
      00014E 75*02 00         [24]  516 	mov	(_putStringOnLCD1602_PARM_3 + 2),#0x00
      000151 75*00 00         [24]  517 	mov	_putStringOnLCD1602_PARM_2,#0x00
      000154 75 82 01         [24]  518 	mov	dpl,#0x01
                                    519 ;	.\src\screens\mainScreen.c:50: }
      000157 02r00r00         [24]  520 	ljmp	_putStringOnLCD1602
                                    521 	.area CSEG    (CODE)
                                    522 	.area CONST   (CODE)
                                    523 	.area XINIT   (CODE)
                                    524 	.area CABS    (ABS,CODE)
