                                      1 ;--------------------------------------------------------
                                      2 ; File Created by SDCC : free open source ANSI-C Compiler
                                      3 ; Version 4.2.0 #13081 (MINGW64)
                                      4 ;--------------------------------------------------------
                                      5 	.module alartScreen
                                      6 	.optsdcc -mmcs51 --model-small
                                      7 	
                                      8 ;--------------------------------------------------------
                                      9 ; Public variables in this module
                                     10 ;--------------------------------------------------------
                                     11 	.globl _alartScreen
                                     12 	.globl _putStringOnLCD1602
                                     13 	.globl _clearLineInLCD1602
                                     14 	.globl _delayOneMillisecond
                                     15 	.globl _CP_RL2
                                     16 	.globl _C_T2
                                     17 	.globl _TR2
                                     18 	.globl _EXEN2
                                     19 	.globl _TCLK
                                     20 	.globl _RCLK
                                     21 	.globl _EXF2
                                     22 	.globl _TF2
                                     23 	.globl _T2
                                     24 	.globl _T2EX
                                     25 	.globl _RI
                                     26 	.globl _TI
                                     27 	.globl _RB8
                                     28 	.globl _TB8
                                     29 	.globl _REN
                                     30 	.globl _SM2
                                     31 	.globl _SM1
                                     32 	.globl _SM0
                                     33 	.globl _RXD
                                     34 	.globl _TXD
                                     35 	.globl _INT0
                                     36 	.globl _INT1
                                     37 	.globl _T0
                                     38 	.globl _T1
                                     39 	.globl _WR
                                     40 	.globl _RD
                                     41 	.globl _PX0
                                     42 	.globl _PT0
                                     43 	.globl _PX1
                                     44 	.globl _PT1
                                     45 	.globl _PS
                                     46 	.globl _PT2
                                     47 	.globl _EX0
                                     48 	.globl _ET0
                                     49 	.globl _EX1
                                     50 	.globl _ET1
                                     51 	.globl _ES
                                     52 	.globl _ET2
                                     53 	.globl _EA
                                     54 	.globl _IT0
                                     55 	.globl _IE0
                                     56 	.globl _IT1
                                     57 	.globl _IE1
                                     58 	.globl _TR0
                                     59 	.globl _TF0
                                     60 	.globl _TR1
                                     61 	.globl _TF1
                                     62 	.globl _P
                                     63 	.globl _OV
                                     64 	.globl _RS0
                                     65 	.globl _RS1
                                     66 	.globl _F0
                                     67 	.globl _AC
                                     68 	.globl _CY
                                     69 	.globl _P37
                                     70 	.globl _P36
                                     71 	.globl _P35
                                     72 	.globl _P34
                                     73 	.globl _P33
                                     74 	.globl _P32
                                     75 	.globl _P31
                                     76 	.globl _P30
                                     77 	.globl _P27
                                     78 	.globl _P26
                                     79 	.globl _P25
                                     80 	.globl _P24
                                     81 	.globl _P23
                                     82 	.globl _P22
                                     83 	.globl _P21
                                     84 	.globl _P20
                                     85 	.globl _P17
                                     86 	.globl _P16
                                     87 	.globl _P15
                                     88 	.globl _P14
                                     89 	.globl _P13
                                     90 	.globl _P12
                                     91 	.globl _P11
                                     92 	.globl _P10
                                     93 	.globl _P07
                                     94 	.globl _P06
                                     95 	.globl _P05
                                     96 	.globl _P04
                                     97 	.globl _P03
                                     98 	.globl _P02
                                     99 	.globl _P01
                                    100 	.globl _P00
                                    101 	.globl _TH2
                                    102 	.globl _TL2
                                    103 	.globl _RCAP2H
                                    104 	.globl _RCAP2L
                                    105 	.globl _T2CON
                                    106 	.globl _SBUF
                                    107 	.globl _SCON
                                    108 	.globl _IP
                                    109 	.globl _IE
                                    110 	.globl _TH1
                                    111 	.globl _TH0
                                    112 	.globl _TL1
                                    113 	.globl _TL0
                                    114 	.globl _TMOD
                                    115 	.globl _TCON
                                    116 	.globl _PCON
                                    117 	.globl _DPH
                                    118 	.globl _DPL
                                    119 	.globl _SP
                                    120 	.globl _B
                                    121 	.globl _ACC
                                    122 	.globl _PSW
                                    123 	.globl _P3
                                    124 	.globl _P2
                                    125 	.globl _P1
                                    126 	.globl _P0
                                    127 	.globl _alartScreen_PARM_2
                                    128 ;--------------------------------------------------------
                                    129 ; special function registers
                                    130 ;--------------------------------------------------------
                                    131 	.area RSEG    (ABS,DATA)
      000000                        132 	.org 0x0000
                           000080   133 _P0	=	0x0080
                           000090   134 _P1	=	0x0090
                           0000A0   135 _P2	=	0x00a0
                           0000B0   136 _P3	=	0x00b0
                           0000D0   137 _PSW	=	0x00d0
                           0000E0   138 _ACC	=	0x00e0
                           0000F0   139 _B	=	0x00f0
                           000081   140 _SP	=	0x0081
                           000082   141 _DPL	=	0x0082
                           000083   142 _DPH	=	0x0083
                           000087   143 _PCON	=	0x0087
                           000088   144 _TCON	=	0x0088
                           000089   145 _TMOD	=	0x0089
                           00008A   146 _TL0	=	0x008a
                           00008B   147 _TL1	=	0x008b
                           00008C   148 _TH0	=	0x008c
                           00008D   149 _TH1	=	0x008d
                           0000A8   150 _IE	=	0x00a8
                           0000B8   151 _IP	=	0x00b8
                           000098   152 _SCON	=	0x0098
                           000099   153 _SBUF	=	0x0099
                           0000C8   154 _T2CON	=	0x00c8
                           0000CA   155 _RCAP2L	=	0x00ca
                           0000CB   156 _RCAP2H	=	0x00cb
                           0000CC   157 _TL2	=	0x00cc
                           0000CD   158 _TH2	=	0x00cd
                                    159 ;--------------------------------------------------------
                                    160 ; special function bits
                                    161 ;--------------------------------------------------------
                                    162 	.area RSEG    (ABS,DATA)
      000000                        163 	.org 0x0000
                           000080   164 _P00	=	0x0080
                           000081   165 _P01	=	0x0081
                           000082   166 _P02	=	0x0082
                           000083   167 _P03	=	0x0083
                           000084   168 _P04	=	0x0084
                           000085   169 _P05	=	0x0085
                           000086   170 _P06	=	0x0086
                           000087   171 _P07	=	0x0087
                           000090   172 _P10	=	0x0090
                           000091   173 _P11	=	0x0091
                           000092   174 _P12	=	0x0092
                           000093   175 _P13	=	0x0093
                           000094   176 _P14	=	0x0094
                           000095   177 _P15	=	0x0095
                           000096   178 _P16	=	0x0096
                           000097   179 _P17	=	0x0097
                           0000A0   180 _P20	=	0x00a0
                           0000A1   181 _P21	=	0x00a1
                           0000A2   182 _P22	=	0x00a2
                           0000A3   183 _P23	=	0x00a3
                           0000A4   184 _P24	=	0x00a4
                           0000A5   185 _P25	=	0x00a5
                           0000A6   186 _P26	=	0x00a6
                           0000A7   187 _P27	=	0x00a7
                           0000B0   188 _P30	=	0x00b0
                           0000B1   189 _P31	=	0x00b1
                           0000B2   190 _P32	=	0x00b2
                           0000B3   191 _P33	=	0x00b3
                           0000B4   192 _P34	=	0x00b4
                           0000B5   193 _P35	=	0x00b5
                           0000B6   194 _P36	=	0x00b6
                           0000B7   195 _P37	=	0x00b7
                           0000D7   196 _CY	=	0x00d7
                           0000D6   197 _AC	=	0x00d6
                           0000D5   198 _F0	=	0x00d5
                           0000D4   199 _RS1	=	0x00d4
                           0000D3   200 _RS0	=	0x00d3
                           0000D2   201 _OV	=	0x00d2
                           0000D0   202 _P	=	0x00d0
                           00008F   203 _TF1	=	0x008f
                           00008E   204 _TR1	=	0x008e
                           00008D   205 _TF0	=	0x008d
                           00008C   206 _TR0	=	0x008c
                           00008B   207 _IE1	=	0x008b
                           00008A   208 _IT1	=	0x008a
                           000089   209 _IE0	=	0x0089
                           000088   210 _IT0	=	0x0088
                           0000AF   211 _EA	=	0x00af
                           0000AD   212 _ET2	=	0x00ad
                           0000AC   213 _ES	=	0x00ac
                           0000AB   214 _ET1	=	0x00ab
                           0000AA   215 _EX1	=	0x00aa
                           0000A9   216 _ET0	=	0x00a9
                           0000A8   217 _EX0	=	0x00a8
                           0000BD   218 _PT2	=	0x00bd
                           0000BC   219 _PS	=	0x00bc
                           0000BB   220 _PT1	=	0x00bb
                           0000BA   221 _PX1	=	0x00ba
                           0000B9   222 _PT0	=	0x00b9
                           0000B8   223 _PX0	=	0x00b8
                           0000B7   224 _RD	=	0x00b7
                           0000B6   225 _WR	=	0x00b6
                           0000B5   226 _T1	=	0x00b5
                           0000B4   227 _T0	=	0x00b4
                           0000B3   228 _INT1	=	0x00b3
                           0000B2   229 _INT0	=	0x00b2
                           0000B1   230 _TXD	=	0x00b1
                           0000B0   231 _RXD	=	0x00b0
                           00009F   232 _SM0	=	0x009f
                           00009E   233 _SM1	=	0x009e
                           00009D   234 _SM2	=	0x009d
                           00009C   235 _REN	=	0x009c
                           00009B   236 _TB8	=	0x009b
                           00009A   237 _RB8	=	0x009a
                           000099   238 _TI	=	0x0099
                           000098   239 _RI	=	0x0098
                           000091   240 _T2EX	=	0x0091
                           000090   241 _T2	=	0x0090
                           0000CF   242 _TF2	=	0x00cf
                           0000CE   243 _EXF2	=	0x00ce
                           0000CD   244 _RCLK	=	0x00cd
                           0000CC   245 _TCLK	=	0x00cc
                           0000CB   246 _EXEN2	=	0x00cb
                           0000CA   247 _TR2	=	0x00ca
                           0000C9   248 _C_T2	=	0x00c9
                           0000C8   249 _CP_RL2	=	0x00c8
                                    250 ;--------------------------------------------------------
                                    251 ; overlayable register banks
                                    252 ;--------------------------------------------------------
                                    253 	.area REG_BANK_0	(REL,OVR,DATA)
      000000                        254 	.ds 8
                                    255 ;--------------------------------------------------------
                                    256 ; internal ram data
                                    257 ;--------------------------------------------------------
                                    258 	.area DSEG    (DATA)
      000000                        259 _alartScreen_PARM_2:
      000000                        260 	.ds 2
                                    261 ;--------------------------------------------------------
                                    262 ; overlayable items in internal ram
                                    263 ;--------------------------------------------------------
                                    264 ;--------------------------------------------------------
                                    265 ; indirectly addressable internal ram data
                                    266 ;--------------------------------------------------------
                                    267 	.area ISEG    (DATA)
                                    268 ;--------------------------------------------------------
                                    269 ; absolute internal ram data
                                    270 ;--------------------------------------------------------
                                    271 	.area IABS    (ABS,DATA)
                                    272 	.area IABS    (ABS,DATA)
                                    273 ;--------------------------------------------------------
                                    274 ; bit data
                                    275 ;--------------------------------------------------------
                                    276 	.area BSEG    (BIT)
                                    277 ;--------------------------------------------------------
                                    278 ; paged external ram data
                                    279 ;--------------------------------------------------------
                                    280 	.area PSEG    (PAG,XDATA)
                                    281 ;--------------------------------------------------------
                                    282 ; external ram data
                                    283 ;--------------------------------------------------------
                                    284 	.area XSEG    (XDATA)
                                    285 ;--------------------------------------------------------
                                    286 ; absolute external ram data
                                    287 ;--------------------------------------------------------
                                    288 	.area XABS    (ABS,XDATA)
                                    289 ;--------------------------------------------------------
                                    290 ; external initialized ram data
                                    291 ;--------------------------------------------------------
                                    292 	.area XISEG   (XDATA)
                                    293 	.area HOME    (CODE)
                                    294 	.area GSINIT0 (CODE)
                                    295 	.area GSINIT1 (CODE)
                                    296 	.area GSINIT2 (CODE)
                                    297 	.area GSINIT3 (CODE)
                                    298 	.area GSINIT4 (CODE)
                                    299 	.area GSINIT5 (CODE)
                                    300 	.area GSINIT  (CODE)
                                    301 	.area GSFINAL (CODE)
                                    302 	.area CSEG    (CODE)
                                    303 ;--------------------------------------------------------
                                    304 ; global & static initialisations
                                    305 ;--------------------------------------------------------
                                    306 	.area HOME    (CODE)
                                    307 	.area GSINIT  (CODE)
                                    308 	.area GSFINAL (CODE)
                                    309 	.area GSINIT  (CODE)
                                    310 ;--------------------------------------------------------
                                    311 ; Home
                                    312 ;--------------------------------------------------------
                                    313 	.area HOME    (CODE)
                                    314 	.area HOME    (CODE)
                                    315 ;--------------------------------------------------------
                                    316 ; code
                                    317 ;--------------------------------------------------------
                                    318 	.area CSEG    (CODE)
                                    319 ;------------------------------------------------------------
                                    320 ;Allocation info for local variables in function 'alartScreen'
                                    321 ;------------------------------------------------------------
                                    322 ;ms                        Allocated with name '_alartScreen_PARM_2'
                                    323 ;text                      Allocated to registers r5 r6 r7 
                                    324 ;cur                       Allocated to registers 
                                    325 ;------------------------------------------------------------
                                    326 ;	.\src\screen\alartScreen.c:4: void alartScreen(unsigned char text[], unsigned int ms) {
                                    327 ;	-----------------------------------------
                                    328 ;	 function alartScreen
                                    329 ;	-----------------------------------------
      000000                        330 _alartScreen:
                           000007   331 	ar7 = 0x07
                           000006   332 	ar6 = 0x06
                           000005   333 	ar5 = 0x05
                           000004   334 	ar4 = 0x04
                           000003   335 	ar3 = 0x03
                           000002   336 	ar2 = 0x02
                           000001   337 	ar1 = 0x01
                           000000   338 	ar0 = 0x00
      000000 AD 82            [24]  339 	mov	r5,dpl
      000002 AE 83            [24]  340 	mov	r6,dph
      000004 AF F0            [24]  341 	mov	r7,b
                                    342 ;	.\src\screen\alartScreen.c:7: clearLineInLCD1602(0);
      000006 75 82 00         [24]  343 	mov	dpl,#0x00
      000009 C0 07            [24]  344 	push	ar7
      00000B C0 06            [24]  345 	push	ar6
      00000D C0 05            [24]  346 	push	ar5
      00000F 12r00r00         [24]  347 	lcall	_clearLineInLCD1602
                                    348 ;	.\src\screen\alartScreen.c:8: clearLineInLCD1602(1);
      000012 75 82 01         [24]  349 	mov	dpl,#0x01
      000015 12r00r00         [24]  350 	lcall	_clearLineInLCD1602
      000018 D0 05            [24]  351 	pop	ar5
      00001A D0 06            [24]  352 	pop	ar6
      00001C D0 07            [24]  353 	pop	ar7
                                    354 ;	.\src\screen\alartScreen.c:12: putStringOnLCD1602(0, cur, text);
      00001E 75*00 03         [24]  355 	mov	_putStringOnLCD1602_PARM_2,#0x03
      000021 8D*00            [24]  356 	mov	_putStringOnLCD1602_PARM_3,r5
      000023 8E*01            [24]  357 	mov	(_putStringOnLCD1602_PARM_3 + 1),r6
      000025 8F*02            [24]  358 	mov	(_putStringOnLCD1602_PARM_3 + 2),r7
      000027 75 82 00         [24]  359 	mov	dpl,#0x00
      00002A 12r00r00         [24]  360 	lcall	_putStringOnLCD1602
                                    361 ;	.\src\screen\alartScreen.c:13: delayOneMillisecond(ms);
      00002D 85*00 82         [24]  362 	mov	dpl,_alartScreen_PARM_2
      000030 85*01 83         [24]  363 	mov	dph,(_alartScreen_PARM_2 + 1)
                                    364 ;	.\src\screen\alartScreen.c:14: }
      000033 02r00r00         [24]  365 	ljmp	_delayOneMillisecond
                                    366 	.area CSEG    (CODE)
                                    367 	.area CONST   (CODE)
                                    368 	.area XINIT   (CODE)
                                    369 	.area CABS    (ABS,CODE)
